2021-07-24 13:36:34 [restartedMain] INFO  c.s.s.StockDetailsForStockMarketApplication -
                Starting StockDetailsForStockMarketApplication using Java 1.8.0_291 on TechRider with PID 15272 (D:\WORK\Workspaces\myWorkspace\stock market\StockDetails\target\classes started by tsd01 in D:\WORK\Workspaces\myWorkspace\stock market\StockDetails)
2021-07-24 13:36:34 [restartedMain] INFO  c.s.s.StockDetailsForStockMarketApplication -
                No active profile set, falling back to default profiles: default
2021-07-24 13:36:35 [restartedMain] INFO  o.s.b.d.e.DevToolsPropertyDefaultsPostProcessor -
                Devtools property defaults active! Set 'spring.devtools.add-properties' to 'false' to disable
2021-07-24 13:36:35 [restartedMain] INFO  o.s.b.d.e.DevToolsPropertyDefaultsPostProcessor -
                For additional web related logging consider setting the 'logging.level.web' property to 'DEBUG'
2021-07-24 13:36:36 [restartedMain] INFO  o.s.d.r.c.RepositoryConfigurationDelegate -
                Bootstrapping Spring Data MongoDB repositories in DEFAULT mode.
2021-07-24 13:36:36 [restartedMain] INFO  o.s.d.r.c.RepositoryConfigurationDelegate -
                Finished Spring Data repository scanning in 12 ms. Found 0 MongoDB repository interfaces.
2021-07-24 13:36:37 [restartedMain] INFO  o.s.b.w.e.tomcat.TomcatWebServer -
                Tomcat initialized with port(s): 8082 (http)
2021-07-24 13:36:37 [restartedMain] INFO  o.a.coyote.http11.Http11NioProtocol -
                Initializing ProtocolHandler ["http-nio-8082"]
2021-07-24 13:36:37 [restartedMain] INFO  o.a.catalina.core.StandardService -
                Starting service [Tomcat]
2021-07-24 13:36:37 [restartedMain] INFO  o.a.catalina.core.StandardEngine -
                Starting Servlet engine: [Apache Tomcat/9.0.48]
2021-07-24 13:36:37 [restartedMain] INFO  o.a.c.c.C.[Tomcat].[localhost].[/] -
                Initializing Spring embedded WebApplicationContext
2021-07-24 13:36:37 [restartedMain] INFO  o.s.b.w.s.c.ServletWebServerApplicationContext -
                Root WebApplicationContext: initialization completed in 2640 ms
2021-07-24 13:36:38 [restartedMain] INFO  org.mongodb.driver.cluster -
                Cluster created with settings {hosts=[localhost:27017], mode=SINGLE, requiredClusterType=UNKNOWN, serverSelectionTimeout='30000 ms'}
2021-07-24 13:36:39 [cluster-ClusterId{value='60fbca0ebc423a77b9388ea0', description='null'}-localhost:27017] INFO  org.mongodb.driver.connection -
                Opened connection [connectionId{localValue:1, serverValue:7}] to localhost:27017
2021-07-24 13:36:39 [cluster-ClusterId{value='60fbca0ebc423a77b9388ea0', description='null'}-localhost:27017] INFO  org.mongodb.driver.cluster -
                Monitor thread successfully connected to server with description ServerDescription{address=localhost:27017, type=STANDALONE, state=CONNECTED, ok=true, minWireVersion=0, maxWireVersion=9, maxDocumentSize=16777216, logicalSessionTimeoutMinutes=30, roundTripTimeNanos=24315800}
2021-07-24 13:36:39 [cluster-rtt-ClusterId{value='60fbca0ebc423a77b9388ea0', description='null'}-localhost:27017] INFO  org.mongodb.driver.connection -
                Opened connection [connectionId{localValue:2, serverValue:8}] to localhost:27017
2021-07-24 13:36:39 [restartedMain] WARN  o.s.data.convert.CustomConversions -
                Registering converter from class java.time.LocalDateTime to class org.joda.time.LocalDateTime as reading converter although it doesn't convert from a store-supported type! You might want to check your annotation setup at the converter implementation.
2021-07-24 13:36:39 [restartedMain] WARN  o.s.data.convert.CustomConversions -
                Registering converter from class java.time.LocalDateTime to class org.joda.time.LocalDateTime as reading converter although it doesn't convert from a store-supported type! You might want to check your annotation setup at the converter implementation.
2021-07-24 13:36:39 [restartedMain] INFO  o.s.b.a.e.web.EndpointLinksResolver -
                Exposing 2 endpoint(s) beneath base path '/actuator'
2021-07-24 13:36:40 [restartedMain] WARN  o.s.b.d.a.OptionalLiveReloadServer -
                Unable to start LiveReload server
2021-07-24 13:36:40 [restartedMain] INFO  o.a.coyote.http11.Http11NioProtocol -
                Starting ProtocolHandler ["http-nio-8082"]
2021-07-24 13:36:40 [restartedMain] INFO  o.s.b.w.e.tomcat.TomcatWebServer -
                Tomcat started on port(s): 8082 (http) with context path ''
2021-07-24 13:36:40 [restartedMain] INFO  c.s.s.StockDetailsForStockMarketApplication -
                Started StockDetailsForStockMarketApplication in 6.624 seconds (JVM running for 7.689)
2021-07-24 13:46:39 [http-nio-8082-exec-1] INFO  o.a.c.c.C.[Tomcat].[localhost].[/] -
                Initializing Spring DispatcherServlet 'dispatcherServlet'
2021-07-24 13:46:39 [http-nio-8082-exec-1] INFO  o.s.web.servlet.DispatcherServlet -
                Initializing Servlet 'dispatcherServlet'
2021-07-24 13:46:39 [http-nio-8082-exec-1] INFO  o.s.web.servlet.DispatcherServlet -
                Completed initialization in 29 ms
2021-07-24 13:46:39 [http-nio-8082-exec-1] WARN  o.s.w.s.m.s.DefaultHandlerExceptionResolver -
                Resolved [org.springframework.web.HttpRequestMethodNotSupportedException: Request method 'GET' not supported]
