2021-07-29 12:29:11 [main] INFO  c.m.u.UserAuthenticationApplication -
                Starting UserAuthenticationApplication on TechRider with PID 13360 (started by tsd01 in D:\WORK\Workspaces\myWorkspace\stock market\UserAuthentication)
2021-07-29 12:29:11 [main] INFO  c.m.u.UserAuthenticationApplication -
                No active profile set, falling back to default profiles: default
2021-07-29 12:29:13 [main] INFO  o.s.d.r.c.RepositoryConfigurationDelegate -
                Bootstrapping Spring Data repositories in DEFAULT mode.
2021-07-29 12:29:13 [main] INFO  o.s.d.r.c.RepositoryConfigurationDelegate -
                Finished Spring Data repository scanning in 108ms. Found 2 repository interfaces.
2021-07-29 12:29:14 [main] INFO  o.s.c.s.PostProcessorRegistrationDelegate$BeanPostProcessorChecker -
                Bean 'org.springframework.transaction.annotation.ProxyTransactionManagementConfiguration' of type [org.springframework.transaction.annotation.ProxyTransactionManagementConfiguration$$EnhancerBySpringCGLIB$$982ff12b] is not eligible for getting processed by all BeanPostProcessors (for example: not eligible for auto-proxying)
2021-07-29 12:29:14 [main] INFO  o.s.c.s.PostProcessorRegistrationDelegate$BeanPostProcessorChecker -
                Bean 'org.springframework.security.config.annotation.configuration.ObjectPostProcessorConfiguration' of type [org.springframework.security.config.annotation.configuration.ObjectPostProcessorConfiguration$$EnhancerBySpringCGLIB$$30ddb965] is not eligible for getting processed by all BeanPostProcessors (for example: not eligible for auto-proxying)
2021-07-29 12:29:14 [main] INFO  o.s.c.s.PostProcessorRegistrationDelegate$BeanPostProcessorChecker -
                Bean 'objectPostProcessor' of type [org.springframework.security.config.annotation.configuration.AutowireBeanFactoryObjectPostProcessor] is not eligible for getting processed by all BeanPostProcessors (for example: not eligible for auto-proxying)
2021-07-29 12:29:14 [main] INFO  o.s.c.s.PostProcessorRegistrationDelegate$BeanPostProcessorChecker -
                Bean 'org.springframework.security.access.expression.method.DefaultMethodSecurityExpressionHandler@44b29496' of type [org.springframework.security.access.expression.method.DefaultMethodSecurityExpressionHandler] is not eligible for getting processed by all BeanPostProcessors (for example: not eligible for auto-proxying)
2021-07-29 12:29:14 [main] INFO  o.s.c.s.PostProcessorRegistrationDelegate$BeanPostProcessorChecker -
                Bean 'org.springframework.security.config.annotation.method.configuration.GlobalMethodSecurityConfiguration' of type [org.springframework.security.config.annotation.method.configuration.GlobalMethodSecurityConfiguration$$EnhancerBySpringCGLIB$$55b25c17] is not eligible for getting processed by all BeanPostProcessors (for example: not eligible for auto-proxying)
2021-07-29 12:29:14 [main] INFO  o.s.c.s.PostProcessorRegistrationDelegate$BeanPostProcessorChecker -
                Bean 'methodSecurityMetadataSource' of type [org.springframework.security.access.method.DelegatingMethodSecurityMetadataSource] is not eligible for getting processed by all BeanPostProcessors (for example: not eligible for auto-proxying)
2021-07-29 12:29:15 [main] INFO  o.s.b.w.e.tomcat.TomcatWebServer -
                Tomcat initialized with port(s): 8081 (http)
2021-07-29 12:29:15 [main] INFO  o.a.coyote.http11.Http11NioProtocol -
                Initializing ProtocolHandler ["http-nio-8081"]
2021-07-29 12:29:15 [main] INFO  o.a.catalina.core.StandardService -
                Starting service [Tomcat]
2021-07-29 12:29:15 [main] INFO  o.a.catalina.core.StandardEngine -
                Starting Servlet engine: [Apache Tomcat/9.0.24]
2021-07-29 12:29:15 [main] INFO  o.a.c.c.C.[Tomcat].[localhost].[/] -
                Initializing Spring embedded WebApplicationContext
2021-07-29 12:29:15 [main] INFO  o.s.web.context.ContextLoader -
                Root WebApplicationContext: initialization completed in 4510 ms
2021-07-29 12:29:16 [main] INFO  com.zaxxer.hikari.HikariDataSource -
                HikariPool-1 - Starting...
2021-07-29 12:29:20 [main] INFO  com.zaxxer.hikari.HikariDataSource -
                HikariPool-1 - Start completed.
2021-07-29 12:29:20 [main] INFO  o.h.jpa.internal.util.LogHelper -
                HHH000204: Processing PersistenceUnitInfo [
	name: default
	...]
2021-07-29 12:29:20 [main] INFO  org.hibernate.Version -
                HHH000412: Hibernate Core {5.3.11.Final}
2021-07-29 12:29:20 [main] INFO  org.hibernate.cfg.Environment -
                HHH000206: hibernate.properties not found
2021-07-29 12:29:20 [main] INFO  o.h.annotations.common.Version -
                HCANN000001: Hibernate Commons Annotations {5.0.4.Final}
2021-07-29 12:29:21 [main] INFO  org.hibernate.dialect.Dialect -
                HHH000400: Using dialect: org.hibernate.dialect.MySQL5InnoDBDialect
2021-07-29 12:29:25 [main] INFO  o.s.o.j.LocalContainerEntityManagerFactoryBean -
                Initialized JPA EntityManagerFactory for persistence unit 'default'
2021-07-29 12:29:27 [main] WARN  o.s.b.a.o.j.JpaBaseConfiguration$JpaWebConfiguration$JpaWebMvcConfiguration -
                spring.jpa.open-in-view is enabled by default. Therefore, database queries may be performed during view rendering. Explicitly configure spring.jpa.open-in-view to disable this warning
2021-07-29 12:29:27 [main] INFO  o.s.b.a.e.web.EndpointLinksResolver -
                Exposing 16 endpoint(s) beneath base path '/actuator'
2021-07-29 12:29:27 [main] INFO  o.s.s.web.DefaultSecurityFilterChain -
                Creating filter chain: any request, [org.springframework.security.web.context.request.async.WebAsyncManagerIntegrationFilter@f6cde7e, org.springframework.security.web.context.SecurityContextPersistenceFilter@38f63756, org.springframework.security.web.header.HeaderWriterFilter@6a3a56de, org.springframework.web.filter.CorsFilter@ff8e36d, org.springframework.security.web.authentication.logout.LogoutFilter@35f22eef, com.market.userauth.security.jwt.AuthTokenFilter@12200670, org.springframework.security.web.savedrequest.RequestCacheAwareFilter@4e26040f, org.springframework.security.web.servletapi.SecurityContextHolderAwareRequestFilter@7455204c, org.springframework.security.web.authentication.AnonymousAuthenticationFilter@116b0b32, org.springframework.security.web.session.SessionManagementFilter@75c0cd39, org.springframework.security.web.access.ExceptionTranslationFilter@522f0bb8, org.springframework.security.web.access.intercept.FilterSecurityInterceptor@4c579b5b]
2021-07-29 12:29:28 [main] INFO  o.s.s.c.ThreadPoolTaskExecutor -
                Initializing ExecutorService 'applicationTaskExecutor'
2021-07-29 12:29:28 [main] INFO  o.a.coyote.http11.Http11NioProtocol -
                Starting ProtocolHandler ["http-nio-8081"]
2021-07-29 12:29:28 [main] ERROR o.apache.catalina.util.LifecycleBase -
                Failed to start component [Connector[HTTP/1.1-8081]]
org.apache.catalina.LifecycleException: Protocol handler start failed
	at org.apache.catalina.connector.Connector.startInternal(Connector.java:1008)
	at org.apache.catalina.util.LifecycleBase.start(LifecycleBase.java:183)
	at org.apache.catalina.core.StandardService.addConnector(StandardService.java:227)
	at org.springframework.boot.web.embedded.tomcat.TomcatWebServer.addPreviouslyRemovedConnectors(TomcatWebServer.java:263)
	at org.springframework.boot.web.embedded.tomcat.TomcatWebServer.start(TomcatWebServer.java:195)
	at org.springframework.boot.web.servlet.context.ServletWebServerApplicationContext.startWebServer(ServletWebServerApplicationContext.java:297)
	at org.springframework.boot.web.servlet.context.ServletWebServerApplicationContext.finishRefresh(ServletWebServerApplicationContext.java:163)
	at org.springframework.context.support.AbstractApplicationContext.refresh(AbstractApplicationContext.java:552)
	at org.springframework.boot.web.servlet.context.ServletWebServerApplicationContext.refresh(ServletWebServerApplicationContext.java:141)
	at org.springframework.boot.SpringApplication.refresh(SpringApplication.java:744)
	at org.springframework.boot.SpringApplication.refreshContext(SpringApplication.java:391)
	at org.springframework.boot.SpringApplication.run(SpringApplication.java:312)
	at org.springframework.boot.SpringApplication.run(SpringApplication.java:1215)
	at org.springframework.boot.SpringApplication.run(SpringApplication.java:1204)
	at com.market.userauth.UserAuthenticationApplication.main(UserAuthenticationApplication.java:16)
Caused by: java.net.BindException: Address already in use: bind
	at sun.nio.ch.Net.bind0(Native Method)
	at sun.nio.ch.Net.bind(Net.java:438)
	at sun.nio.ch.Net.bind(Net.java:430)
	at sun.nio.ch.ServerSocketChannelImpl.bind(ServerSocketChannelImpl.java:225)
	at sun.nio.ch.ServerSocketAdaptor.bind(ServerSocketAdaptor.java:74)
	at org.apache.tomcat.util.net.NioEndpoint.initServerSocket(NioEndpoint.java:230)
	at org.apache.tomcat.util.net.NioEndpoint.bind(NioEndpoint.java:213)
	at org.apache.tomcat.util.net.AbstractEndpoint.bindWithCleanup(AbstractEndpoint.java:1124)
	at org.apache.tomcat.util.net.AbstractEndpoint.start(AbstractEndpoint.java:1210)
	at org.apache.coyote.AbstractProtocol.start(AbstractProtocol.java:585)
	at org.apache.catalina.connector.Connector.startInternal(Connector.java:1005)
	... 14 common frames omitted
2021-07-29 12:29:28 [main] INFO  o.a.coyote.http11.Http11NioProtocol -
                Pausing ProtocolHandler ["http-nio-8081"]
2021-07-29 12:29:28 [main] INFO  o.a.catalina.core.StandardService -
                Stopping service [Tomcat]
2021-07-29 12:29:28 [main] WARN  o.a.c.loader.WebappClassLoaderBase -
                The web application [ROOT] appears to have started a thread named [HikariPool-1 housekeeper] but has failed to stop it. This is very likely to create a memory leak. Stack trace of thread:
 sun.misc.Unsafe.park(Native Method)
 java.util.concurrent.locks.LockSupport.parkNanos(LockSupport.java:215)
 java.util.concurrent.locks.AbstractQueuedSynchronizer$ConditionObject.awaitNanos(AbstractQueuedSynchronizer.java:2078)
 java.util.concurrent.ScheduledThreadPoolExecutor$DelayedWorkQueue.take(ScheduledThreadPoolExecutor.java:1093)
 java.util.concurrent.ScheduledThreadPoolExecutor$DelayedWorkQueue.take(ScheduledThreadPoolExecutor.java:809)
 java.util.concurrent.ThreadPoolExecutor.getTask(ThreadPoolExecutor.java:1074)
 java.util.concurrent.ThreadPoolExecutor.runWorker(ThreadPoolExecutor.java:1134)
 java.util.concurrent.ThreadPoolExecutor$Worker.run(ThreadPoolExecutor.java:624)
 java.lang.Thread.run(Thread.java:748)
2021-07-29 12:29:28 [main] WARN  o.a.c.loader.WebappClassLoaderBase -
                The web application [ROOT] appears to have started a thread named [HikariPool-1 connection adder] but has failed to stop it. This is very likely to create a memory leak. Stack trace of thread:
 java.net.DualStackPlainSocketImpl.waitForConnect(Native Method)
 java.net.DualStackPlainSocketImpl.socketConnect(DualStackPlainSocketImpl.java:81)
 java.net.AbstractPlainSocketImpl.doConnect(AbstractPlainSocketImpl.java:476)
 java.net.AbstractPlainSocketImpl.connectToAddress(AbstractPlainSocketImpl.java:218)
 java.net.AbstractPlainSocketImpl.connect(AbstractPlainSocketImpl.java:200)
 java.net.PlainSocketImpl.connect(PlainSocketImpl.java:162)
 java.net.SocksSocketImpl.connect(SocksSocketImpl.java:394)
 java.net.Socket.connect(Socket.java:606)
 com.mysql.cj.protocol.StandardSocketFactory.connect(StandardSocketFactory.java:155)
 com.mysql.cj.protocol.a.NativeSocketConnection.connect(NativeSocketConnection.java:65)
 com.mysql.cj.NativeSession.connect(NativeSession.java:150)
 com.mysql.cj.jdbc.ConnectionImpl.connectOneTryOnly(ConnectionImpl.java:947)
 com.mysql.cj.jdbc.ConnectionImpl.createNewIO(ConnectionImpl.java:817)
 com.mysql.cj.jdbc.ConnectionImpl.<init>(ConnectionImpl.java:447)
 com.mysql.cj.jdbc.ConnectionImpl.getInstance(ConnectionImpl.java:237)
 com.mysql.cj.jdbc.NonRegisteringDriver.connect(NonRegisteringDriver.java:199)
 com.zaxxer.hikari.util.DriverDataSource.getConnection(DriverDataSource.java:136)
 com.zaxxer.hikari.pool.PoolBase.newConnection(PoolBase.java:369)
 com.zaxxer.hikari.pool.PoolBase.newPoolEntry(PoolBase.java:198)
 com.zaxxer.hikari.pool.HikariPool.createPoolEntry(HikariPool.java:467)
 com.zaxxer.hikari.pool.HikariPool.access$100(HikariPool.java:71)
 com.zaxxer.hikari.pool.HikariPool$PoolEntryCreator.call(HikariPool.java:706)
 com.zaxxer.hikari.pool.HikariPool$PoolEntryCreator.call(HikariPool.java:692)
 java.util.concurrent.FutureTask.run(FutureTask.java:266)
 java.util.concurrent.ThreadPoolExecutor.runWorker(ThreadPoolExecutor.java:1149)
 java.util.concurrent.ThreadPoolExecutor$Worker.run(ThreadPoolExecutor.java:624)
 java.lang.Thread.run(Thread.java:748)
2021-07-29 12:29:28 [main] INFO  o.apache.catalina.util.LifecycleBase -
                The stop() method was called on component [StandardServer[-1]] after stop() had already been called. The second call will be ignored.
2021-07-29 12:29:28 [main] INFO  o.a.coyote.http11.Http11NioProtocol -
                Stopping ProtocolHandler ["http-nio-8081"]
2021-07-29 12:29:28 [main] INFO  o.a.coyote.http11.Http11NioProtocol -
                Destroying ProtocolHandler ["http-nio-8081"]
2021-07-29 12:29:28 [main] INFO  o.s.b.a.l.ConditionEvaluationReportLoggingListener -
                

Error starting ApplicationContext. To display the conditions report re-run your application with 'debug' enabled.
2021-07-29 12:29:28 [main] ERROR o.s.b.d.LoggingFailureAnalysisReporter -
                

***************************
APPLICATION FAILED TO START
***************************

Description:

The Tomcat connector configured to listen on port 8081 failed to start. The port may already be in use or the connector may be misconfigured.

Action:

Verify the connector's configuration, identify and stop any process that's listening on port 8081, or configure this application to listen on another port.

2021-07-29 12:29:28 [main] INFO  o.s.s.c.ThreadPoolTaskExecutor -
                Shutting down ExecutorService 'applicationTaskExecutor'
2021-07-29 12:29:28 [main] INFO  o.s.o.j.LocalContainerEntityManagerFactoryBean -
                Closing JPA EntityManagerFactory for persistence unit 'default'
2021-07-29 12:29:28 [main] INFO  com.zaxxer.hikari.HikariDataSource -
                HikariPool-1 - Shutdown initiated...
2021-07-29 12:29:30 [main] INFO  com.zaxxer.hikari.HikariDataSource -
                HikariPool-1 - Shutdown completed.
2021-07-29 12:30:39 [main] INFO  c.m.u.UserAuthenticationApplication -
                Starting UserAuthenticationApplication on TechRider with PID 12020 (started by tsd01 in D:\WORK\Workspaces\myWorkspace\stock market\UserAuthentication)
2021-07-29 12:30:39 [main] INFO  c.m.u.UserAuthenticationApplication -
                No active profile set, falling back to default profiles: default
2021-07-29 12:30:41 [main] INFO  o.s.d.r.c.RepositoryConfigurationDelegate -
                Bootstrapping Spring Data repositories in DEFAULT mode.
2021-07-29 12:30:41 [main] INFO  o.s.d.r.c.RepositoryConfigurationDelegate -
                Finished Spring Data repository scanning in 100ms. Found 2 repository interfaces.
2021-07-29 12:30:42 [main] INFO  o.s.c.s.PostProcessorRegistrationDelegate$BeanPostProcessorChecker -
                Bean 'org.springframework.transaction.annotation.ProxyTransactionManagementConfiguration' of type [org.springframework.transaction.annotation.ProxyTransactionManagementConfiguration$$EnhancerBySpringCGLIB$$7dea300a] is not eligible for getting processed by all BeanPostProcessors (for example: not eligible for auto-proxying)
2021-07-29 12:30:42 [main] INFO  o.s.c.s.PostProcessorRegistrationDelegate$BeanPostProcessorChecker -
                Bean 'org.springframework.security.config.annotation.configuration.ObjectPostProcessorConfiguration' of type [org.springframework.security.config.annotation.configuration.ObjectPostProcessorConfiguration$$EnhancerBySpringCGLIB$$1697f844] is not eligible for getting processed by all BeanPostProcessors (for example: not eligible for auto-proxying)
2021-07-29 12:30:42 [main] INFO  o.s.c.s.PostProcessorRegistrationDelegate$BeanPostProcessorChecker -
                Bean 'objectPostProcessor' of type [org.springframework.security.config.annotation.configuration.AutowireBeanFactoryObjectPostProcessor] is not eligible for getting processed by all BeanPostProcessors (for example: not eligible for auto-proxying)
2021-07-29 12:30:42 [main] INFO  o.s.c.s.PostProcessorRegistrationDelegate$BeanPostProcessorChecker -
                Bean 'org.springframework.security.access.expression.method.DefaultMethodSecurityExpressionHandler@663bb8ef' of type [org.springframework.security.access.expression.method.DefaultMethodSecurityExpressionHandler] is not eligible for getting processed by all BeanPostProcessors (for example: not eligible for auto-proxying)
2021-07-29 12:30:42 [main] INFO  o.s.c.s.PostProcessorRegistrationDelegate$BeanPostProcessorChecker -
                Bean 'org.springframework.security.config.annotation.method.configuration.GlobalMethodSecurityConfiguration' of type [org.springframework.security.config.annotation.method.configuration.GlobalMethodSecurityConfiguration$$EnhancerBySpringCGLIB$$3b6c9af6] is not eligible for getting processed by all BeanPostProcessors (for example: not eligible for auto-proxying)
2021-07-29 12:30:42 [main] INFO  o.s.c.s.PostProcessorRegistrationDelegate$BeanPostProcessorChecker -
                Bean 'methodSecurityMetadataSource' of type [org.springframework.security.access.method.DelegatingMethodSecurityMetadataSource] is not eligible for getting processed by all BeanPostProcessors (for example: not eligible for auto-proxying)
2021-07-29 12:30:43 [main] INFO  o.s.b.w.e.tomcat.TomcatWebServer -
                Tomcat initialized with port(s): 8081 (http)
2021-07-29 12:30:43 [main] INFO  o.a.coyote.http11.Http11NioProtocol -
                Initializing ProtocolHandler ["http-nio-8081"]
2021-07-29 12:30:43 [main] INFO  o.a.catalina.core.StandardService -
                Starting service [Tomcat]
2021-07-29 12:30:43 [main] INFO  o.a.catalina.core.StandardEngine -
                Starting Servlet engine: [Apache Tomcat/9.0.24]
2021-07-29 12:30:43 [main] INFO  o.a.c.c.C.[Tomcat].[localhost].[/] -
                Initializing Spring embedded WebApplicationContext
2021-07-29 12:30:43 [main] INFO  o.s.web.context.ContextLoader -
                Root WebApplicationContext: initialization completed in 4213 ms
2021-07-29 12:30:44 [main] INFO  com.zaxxer.hikari.HikariDataSource -
                HikariPool-1 - Starting...
2021-07-29 12:30:47 [main] INFO  com.zaxxer.hikari.HikariDataSource -
                HikariPool-1 - Start completed.
2021-07-29 12:30:47 [main] INFO  o.h.jpa.internal.util.LogHelper -
                HHH000204: Processing PersistenceUnitInfo [
	name: default
	...]
2021-07-29 12:30:47 [main] INFO  org.hibernate.Version -
                HHH000412: Hibernate Core {5.3.11.Final}
2021-07-29 12:30:47 [main] INFO  org.hibernate.cfg.Environment -
                HHH000206: hibernate.properties not found
2021-07-29 12:30:48 [main] INFO  o.h.annotations.common.Version -
                HCANN000001: Hibernate Commons Annotations {5.0.4.Final}
2021-07-29 12:30:48 [main] INFO  org.hibernate.dialect.Dialect -
                HHH000400: Using dialect: org.hibernate.dialect.MySQL5InnoDBDialect
2021-07-29 12:30:52 [main] INFO  o.s.o.j.LocalContainerEntityManagerFactoryBean -
                Initialized JPA EntityManagerFactory for persistence unit 'default'
2021-07-29 12:30:54 [main] WARN  o.s.b.a.o.j.JpaBaseConfiguration$JpaWebConfiguration$JpaWebMvcConfiguration -
                spring.jpa.open-in-view is enabled by default. Therefore, database queries may be performed during view rendering. Explicitly configure spring.jpa.open-in-view to disable this warning
2021-07-29 12:30:54 [main] INFO  o.s.b.a.e.web.EndpointLinksResolver -
                Exposing 16 endpoint(s) beneath base path '/actuator'
2021-07-29 12:30:54 [main] INFO  o.s.s.web.DefaultSecurityFilterChain -
                Creating filter chain: any request, [org.springframework.security.web.context.request.async.WebAsyncManagerIntegrationFilter@4c579b5b, org.springframework.security.web.context.SecurityContextPersistenceFilter@35744f8, org.springframework.security.web.header.HeaderWriterFilter@6f4f2cc0, org.springframework.web.filter.CorsFilter@5a96f3cb, org.springframework.security.web.authentication.logout.LogoutFilter@477bea57, com.market.userauth.security.jwt.AuthTokenFilter@409395b9, org.springframework.security.web.savedrequest.RequestCacheAwareFilter@6c851821, org.springframework.security.web.servletapi.SecurityContextHolderAwareRequestFilter@1782896, org.springframework.security.web.authentication.AnonymousAuthenticationFilter@3e0704e2, org.springframework.security.web.session.SessionManagementFilter@400e741, org.springframework.security.web.access.ExceptionTranslationFilter@37b80ec7, org.springframework.security.web.access.intercept.FilterSecurityInterceptor@20960b51]
2021-07-29 12:30:54 [main] INFO  o.s.s.c.ThreadPoolTaskExecutor -
                Initializing ExecutorService 'applicationTaskExecutor'
2021-07-29 12:30:55 [main] INFO  o.a.coyote.http11.Http11NioProtocol -
                Starting ProtocolHandler ["http-nio-8081"]
2021-07-29 12:30:55 [main] INFO  o.s.b.w.e.tomcat.TomcatWebServer -
                Tomcat started on port(s): 8081 (http) with context path ''
2021-07-29 12:30:55 [main] INFO  c.m.u.UserAuthenticationApplication -
                Started UserAuthenticationApplication in 16.792 seconds (JVM running for 17.671)
2021-07-29 12:31:13 [http-nio-8081-exec-1] INFO  o.a.c.c.C.[Tomcat].[localhost].[/] -
                Initializing Spring DispatcherServlet 'dispatcherServlet'
2021-07-29 12:31:13 [http-nio-8081-exec-1] INFO  o.s.web.servlet.DispatcherServlet -
                Initializing Servlet 'dispatcherServlet'
2021-07-29 12:31:13 [http-nio-8081-exec-1] INFO  o.s.web.servlet.DispatcherServlet -
                Completed initialization in 19 ms
2021-07-29 12:31:13 [http-nio-8081-exec-1] ERROR c.m.u.security.jwt.AuthEntryPointJwt -
                Unauthorized error: Full authentication is required to access this resource
2021-07-29 12:31:14 [http-nio-8081-exec-2] ERROR c.m.u.security.jwt.AuthEntryPointJwt -
                Unauthorized error: Full authentication is required to access this resource
2021-07-29 12:31:18 [http-nio-8081-exec-5] ERROR c.m.u.security.jwt.AuthEntryPointJwt -
                Unauthorized error: Full authentication is required to access this resource
2021-07-29 12:31:18 [http-nio-8081-exec-6] ERROR c.m.u.security.jwt.AuthEntryPointJwt -
                Unauthorized error: Full authentication is required to access this resource
2021-08-01 11:24:58 [main] INFO  c.m.u.UserAuthenticationApplication -
                Starting UserAuthenticationApplication on TechRider with PID 7172 (started by tsd01 in D:\WORK\Workspaces\myWorkspace\stock market\UserAuthentication)
2021-08-01 11:24:58 [main] INFO  c.m.u.UserAuthenticationApplication -
                No active profile set, falling back to default profiles: default
2021-08-01 11:25:00 [main] INFO  o.s.d.r.c.RepositoryConfigurationDelegate -
                Bootstrapping Spring Data repositories in DEFAULT mode.
2021-08-01 11:25:00 [main] INFO  o.s.d.r.c.RepositoryConfigurationDelegate -
                Finished Spring Data repository scanning in 86ms. Found 2 repository interfaces.
2021-08-01 11:25:01 [main] INFO  o.s.c.s.PostProcessorRegistrationDelegate$BeanPostProcessorChecker -
                Bean 'org.springframework.transaction.annotation.ProxyTransactionManagementConfiguration' of type [org.springframework.transaction.annotation.ProxyTransactionManagementConfiguration$$EnhancerBySpringCGLIB$$ead117c9] is not eligible for getting processed by all BeanPostProcessors (for example: not eligible for auto-proxying)
2021-08-01 11:25:01 [main] INFO  o.s.c.s.PostProcessorRegistrationDelegate$BeanPostProcessorChecker -
                Bean 'org.springframework.security.config.annotation.configuration.ObjectPostProcessorConfiguration' of type [org.springframework.security.config.annotation.configuration.ObjectPostProcessorConfiguration$$EnhancerBySpringCGLIB$$837ee003] is not eligible for getting processed by all BeanPostProcessors (for example: not eligible for auto-proxying)
2021-08-01 11:25:01 [main] INFO  o.s.c.s.PostProcessorRegistrationDelegate$BeanPostProcessorChecker -
                Bean 'objectPostProcessor' of type [org.springframework.security.config.annotation.configuration.AutowireBeanFactoryObjectPostProcessor] is not eligible for getting processed by all BeanPostProcessors (for example: not eligible for auto-proxying)
2021-08-01 11:25:01 [main] INFO  o.s.c.s.PostProcessorRegistrationDelegate$BeanPostProcessorChecker -
                Bean 'org.springframework.security.access.expression.method.DefaultMethodSecurityExpressionHandler@6e7c351d' of type [org.springframework.security.access.expression.method.DefaultMethodSecurityExpressionHandler] is not eligible for getting processed by all BeanPostProcessors (for example: not eligible for auto-proxying)
2021-08-01 11:25:01 [main] INFO  o.s.c.s.PostProcessorRegistrationDelegate$BeanPostProcessorChecker -
                Bean 'org.springframework.security.config.annotation.method.configuration.GlobalMethodSecurityConfiguration' of type [org.springframework.security.config.annotation.method.configuration.GlobalMethodSecurityConfiguration$$EnhancerBySpringCGLIB$$a85382b5] is not eligible for getting processed by all BeanPostProcessors (for example: not eligible for auto-proxying)
2021-08-01 11:25:01 [main] INFO  o.s.c.s.PostProcessorRegistrationDelegate$BeanPostProcessorChecker -
                Bean 'methodSecurityMetadataSource' of type [org.springframework.security.access.method.DelegatingMethodSecurityMetadataSource] is not eligible for getting processed by all BeanPostProcessors (for example: not eligible for auto-proxying)
2021-08-01 11:25:02 [main] INFO  o.s.b.w.e.tomcat.TomcatWebServer -
                Tomcat initialized with port(s): 8081 (http)
2021-08-01 11:25:02 [main] INFO  o.a.coyote.http11.Http11NioProtocol -
                Initializing ProtocolHandler ["http-nio-8081"]
2021-08-01 11:25:02 [main] INFO  o.a.catalina.core.StandardService -
                Starting service [Tomcat]
2021-08-01 11:25:02 [main] INFO  o.a.catalina.core.StandardEngine -
                Starting Servlet engine: [Apache Tomcat/9.0.24]
2021-08-01 11:25:02 [main] INFO  o.a.c.c.C.[Tomcat].[localhost].[/] -
                Initializing Spring embedded WebApplicationContext
2021-08-01 11:25:02 [main] INFO  o.s.web.context.ContextLoader -
                Root WebApplicationContext: initialization completed in 4488 ms
2021-08-01 11:25:03 [main] INFO  com.zaxxer.hikari.HikariDataSource -
                HikariPool-1 - Starting...
2021-08-01 11:25:06 [main] INFO  com.zaxxer.hikari.HikariDataSource -
                HikariPool-1 - Start completed.
2021-08-01 11:25:06 [main] INFO  o.h.jpa.internal.util.LogHelper -
                HHH000204: Processing PersistenceUnitInfo [
	name: default
	...]
2021-08-01 11:25:06 [main] INFO  org.hibernate.Version -
                HHH000412: Hibernate Core {5.3.11.Final}
2021-08-01 11:25:06 [main] INFO  org.hibernate.cfg.Environment -
                HHH000206: hibernate.properties not found
2021-08-01 11:25:07 [main] INFO  o.h.annotations.common.Version -
                HCANN000001: Hibernate Commons Annotations {5.0.4.Final}
2021-08-01 11:25:07 [main] INFO  org.hibernate.dialect.Dialect -
                HHH000400: Using dialect: org.hibernate.dialect.MySQL5InnoDBDialect
2021-08-01 11:25:12 [main] INFO  o.s.o.j.LocalContainerEntityManagerFactoryBean -
                Initialized JPA EntityManagerFactory for persistence unit 'default'
2021-08-01 11:25:13 [main] WARN  o.s.b.a.o.j.JpaBaseConfiguration$JpaWebConfiguration$JpaWebMvcConfiguration -
                spring.jpa.open-in-view is enabled by default. Therefore, database queries may be performed during view rendering. Explicitly configure spring.jpa.open-in-view to disable this warning
2021-08-01 11:25:13 [main] INFO  o.s.b.a.e.web.EndpointLinksResolver -
                Exposing 16 endpoint(s) beneath base path '/actuator'
2021-08-01 11:25:14 [main] INFO  o.s.s.web.DefaultSecurityFilterChain -
                Creating filter chain: any request, [org.springframework.security.web.context.request.async.WebAsyncManagerIntegrationFilter@535be281, org.springframework.security.web.context.SecurityContextPersistenceFilter@141a10bf, org.springframework.security.web.header.HeaderWriterFilter@6a3e633a, org.springframework.web.filter.CorsFilter@20db19ff, org.springframework.security.web.authentication.logout.LogoutFilter@75c0cd39, com.market.userauth.security.jwt.AuthTokenFilter@2095c331, org.springframework.security.web.savedrequest.RequestCacheAwareFilter@5e34a84b, org.springframework.security.web.servletapi.SecurityContextHolderAwareRequestFilter@2431050d, org.springframework.security.web.authentication.AnonymousAuthenticationFilter@5eef8a16, org.springframework.security.web.session.SessionManagementFilter@1bf10539, org.springframework.security.web.access.ExceptionTranslationFilter@77db231c, org.springframework.security.web.access.intercept.FilterSecurityInterceptor@2651e783]
2021-08-01 11:25:14 [main] INFO  o.s.s.c.ThreadPoolTaskExecutor -
                Initializing ExecutorService 'applicationTaskExecutor'
2021-08-01 11:25:15 [main] INFO  o.a.coyote.http11.Http11NioProtocol -
                Starting ProtocolHandler ["http-nio-8081"]
2021-08-01 11:25:15 [main] INFO  o.s.b.w.e.tomcat.TomcatWebServer -
                Tomcat started on port(s): 8081 (http) with context path ''
2021-08-01 11:25:15 [main] INFO  c.m.u.UserAuthenticationApplication -
                Started UserAuthenticationApplication in 17.69 seconds (JVM running for 18.837)
2021-08-01 11:31:15 [main] INFO  c.m.u.UserAuthenticationApplication -
                Starting UserAuthenticationApplication on TechRider with PID 8120 (started by tsd01 in D:\WORK\Workspaces\myWorkspace\stock market\UserAuthentication)
2021-08-01 11:31:15 [main] INFO  c.m.u.UserAuthenticationApplication -
                No active profile set, falling back to default profiles: default
2021-08-01 11:31:17 [main] INFO  o.s.d.r.c.RepositoryConfigurationDelegate -
                Bootstrapping Spring Data repositories in DEFAULT mode.
2021-08-01 11:31:17 [main] INFO  o.s.d.r.c.RepositoryConfigurationDelegate -
                Finished Spring Data repository scanning in 99ms. Found 2 repository interfaces.
2021-08-01 11:31:18 [main] INFO  o.s.c.s.PostProcessorRegistrationDelegate$BeanPostProcessorChecker -
                Bean 'org.springframework.transaction.annotation.ProxyTransactionManagementConfiguration' of type [org.springframework.transaction.annotation.ProxyTransactionManagementConfiguration$$EnhancerBySpringCGLIB$$ad2ad3d0] is not eligible for getting processed by all BeanPostProcessors (for example: not eligible for auto-proxying)
2021-08-01 11:31:18 [main] INFO  o.s.c.s.PostProcessorRegistrationDelegate$BeanPostProcessorChecker -
                Bean 'org.springframework.security.config.annotation.configuration.ObjectPostProcessorConfiguration' of type [org.springframework.security.config.annotation.configuration.ObjectPostProcessorConfiguration$$EnhancerBySpringCGLIB$$45d89c0a] is not eligible for getting processed by all BeanPostProcessors (for example: not eligible for auto-proxying)
2021-08-01 11:31:18 [main] INFO  o.s.c.s.PostProcessorRegistrationDelegate$BeanPostProcessorChecker -
                Bean 'objectPostProcessor' of type [org.springframework.security.config.annotation.configuration.AutowireBeanFactoryObjectPostProcessor] is not eligible for getting processed by all BeanPostProcessors (for example: not eligible for auto-proxying)
2021-08-01 11:31:18 [main] INFO  o.s.c.s.PostProcessorRegistrationDelegate$BeanPostProcessorChecker -
                Bean 'org.springframework.security.access.expression.method.DefaultMethodSecurityExpressionHandler@37b52340' of type [org.springframework.security.access.expression.method.DefaultMethodSecurityExpressionHandler] is not eligible for getting processed by all BeanPostProcessors (for example: not eligible for auto-proxying)
2021-08-01 11:31:18 [main] INFO  o.s.c.s.PostProcessorRegistrationDelegate$BeanPostProcessorChecker -
                Bean 'org.springframework.security.config.annotation.method.configuration.GlobalMethodSecurityConfiguration' of type [org.springframework.security.config.annotation.method.configuration.GlobalMethodSecurityConfiguration$$EnhancerBySpringCGLIB$$6aad3ebc] is not eligible for getting processed by all BeanPostProcessors (for example: not eligible for auto-proxying)
2021-08-01 11:31:18 [main] INFO  o.s.c.s.PostProcessorRegistrationDelegate$BeanPostProcessorChecker -
                Bean 'methodSecurityMetadataSource' of type [org.springframework.security.access.method.DelegatingMethodSecurityMetadataSource] is not eligible for getting processed by all BeanPostProcessors (for example: not eligible for auto-proxying)
2021-08-01 11:31:19 [main] INFO  o.s.b.w.e.tomcat.TomcatWebServer -
                Tomcat initialized with port(s): 8080 (http)
2021-08-01 11:31:19 [main] INFO  o.a.coyote.http11.Http11NioProtocol -
                Initializing ProtocolHandler ["http-nio-8080"]
2021-08-01 11:31:19 [main] INFO  o.a.catalina.core.StandardService -
                Starting service [Tomcat]
2021-08-01 11:31:19 [main] INFO  o.a.catalina.core.StandardEngine -
                Starting Servlet engine: [Apache Tomcat/9.0.24]
2021-08-01 11:31:19 [main] INFO  o.a.c.c.C.[Tomcat].[localhost].[/] -
                Initializing Spring embedded WebApplicationContext
2021-08-01 11:31:19 [main] INFO  o.s.web.context.ContextLoader -
                Root WebApplicationContext: initialization completed in 3973 ms
2021-08-01 11:31:20 [main] INFO  com.zaxxer.hikari.HikariDataSource -
                HikariPool-1 - Starting...
2021-08-01 11:31:23 [main] INFO  com.zaxxer.hikari.HikariDataSource -
                HikariPool-1 - Start completed.
2021-08-01 11:31:23 [main] INFO  o.h.jpa.internal.util.LogHelper -
                HHH000204: Processing PersistenceUnitInfo [
	name: default
	...]
2021-08-01 11:31:23 [main] INFO  org.hibernate.Version -
                HHH000412: Hibernate Core {5.3.11.Final}
2021-08-01 11:31:23 [main] INFO  org.hibernate.cfg.Environment -
                HHH000206: hibernate.properties not found
2021-08-01 11:31:24 [main] INFO  o.h.annotations.common.Version -
                HCANN000001: Hibernate Commons Annotations {5.0.4.Final}
2021-08-01 11:31:24 [main] INFO  org.hibernate.dialect.Dialect -
                HHH000400: Using dialect: org.hibernate.dialect.MySQL5InnoDBDialect
2021-08-01 11:31:28 [main] INFO  o.s.o.j.LocalContainerEntityManagerFactoryBean -
                Initialized JPA EntityManagerFactory for persistence unit 'default'
2021-08-01 11:31:30 [main] WARN  o.s.b.a.o.j.JpaBaseConfiguration$JpaWebConfiguration$JpaWebMvcConfiguration -
                spring.jpa.open-in-view is enabled by default. Therefore, database queries may be performed during view rendering. Explicitly configure spring.jpa.open-in-view to disable this warning
2021-08-01 11:31:30 [main] INFO  o.s.b.a.e.web.EndpointLinksResolver -
                Exposing 16 endpoint(s) beneath base path '/actuator'
2021-08-01 11:31:30 [main] INFO  o.s.s.web.DefaultSecurityFilterChain -
                Creating filter chain: any request, [org.springframework.security.web.context.request.async.WebAsyncManagerIntegrationFilter@602aeb87, org.springframework.security.web.context.SecurityContextPersistenceFilter@37b80ec7, org.springframework.security.web.header.HeaderWriterFilter@2e057637, org.springframework.web.filter.CorsFilter@423762ae, org.springframework.security.web.authentication.logout.LogoutFilter@1782896, com.market.userauth.security.jwt.AuthTokenFilter@7296fe0b, org.springframework.security.web.savedrequest.RequestCacheAwareFilter@6f4f2cc0, org.springframework.security.web.servletapi.SecurityContextHolderAwareRequestFilter@2ed84be9, org.springframework.security.web.authentication.AnonymousAuthenticationFilter@7b58d678, org.springframework.security.web.session.SessionManagementFilter@438c0aaf, org.springframework.security.web.access.ExceptionTranslationFilter@297dff3a, org.springframework.security.web.access.intercept.FilterSecurityInterceptor@247dcbba]
2021-08-01 11:31:31 [main] INFO  o.s.s.c.ThreadPoolTaskExecutor -
                Initializing ExecutorService 'applicationTaskExecutor'
2021-08-01 11:31:31 [main] INFO  o.a.coyote.http11.Http11NioProtocol -
                Starting ProtocolHandler ["http-nio-8080"]
2021-08-01 11:31:31 [main] INFO  o.s.b.w.e.tomcat.TomcatWebServer -
                Tomcat started on port(s): 8080 (http) with context path ''
2021-08-01 11:31:31 [main] INFO  c.m.u.UserAuthenticationApplication -
                Started UserAuthenticationApplication in 16.375 seconds (JVM running for 17.328)
2021-08-01 11:31:37 [http-nio-8080-exec-1] INFO  o.a.c.c.C.[Tomcat].[localhost].[/] -
                Initializing Spring DispatcherServlet 'dispatcherServlet'
2021-08-01 11:31:37 [http-nio-8080-exec-1] INFO  o.s.web.servlet.DispatcherServlet -
                Initializing Servlet 'dispatcherServlet'
2021-08-01 11:31:37 [http-nio-8080-exec-1] INFO  o.s.web.servlet.DispatcherServlet -
                Completed initialization in 17 ms
2021-08-01 11:31:38 [http-nio-8080-exec-2] INFO  o.h.h.i.QueryTranslatorFactoryInitiator -
                HHH000397: Using ASTQueryTranslatorFactory
2021-08-01 11:31:39 [http-nio-8080-exec-2] ERROR c.m.u.security.jwt.AuthEntryPointJwt -
                Unauthorized error: Bad credentials
2021-08-01 11:34:18 [http-nio-8080-exec-4] ERROR c.m.u.security.jwt.AuthEntryPointJwt -
                Unauthorized error: Bad credentials
2021-08-01 11:34:30 [http-nio-8080-exec-6] ERROR c.m.u.security.jwt.AuthEntryPointJwt -
                Unauthorized error: Bad credentials
2021-08-01 11:34:35 [http-nio-8080-exec-7] ERROR c.m.u.security.jwt.AuthEntryPointJwt -
                Unauthorized error: Bad credentials
2021-08-01 11:35:07 [http-nio-8080-exec-1] ERROR c.m.u.security.jwt.AuthEntryPointJwt -
                Unauthorized error: Bad credentials
2021-08-01 11:39:49 [main] INFO  c.m.u.UserAuthenticationApplication -
                Starting UserAuthenticationApplication on TechRider with PID 15952 (started by tsd01 in D:\WORK\Workspaces\myWorkspace\stock market\UserAuthentication)
2021-08-01 11:39:49 [main] INFO  c.m.u.UserAuthenticationApplication -
                No active profile set, falling back to default profiles: default
2021-08-01 11:39:51 [main] INFO  o.s.d.r.c.RepositoryConfigurationDelegate -
                Bootstrapping Spring Data repositories in DEFAULT mode.
2021-08-01 11:39:51 [main] INFO  o.s.d.r.c.RepositoryConfigurationDelegate -
                Finished Spring Data repository scanning in 99ms. Found 2 repository interfaces.
2021-08-01 11:39:52 [main] INFO  o.s.c.s.PostProcessorRegistrationDelegate$BeanPostProcessorChecker -
                Bean 'org.springframework.transaction.annotation.ProxyTransactionManagementConfiguration' of type [org.springframework.transaction.annotation.ProxyTransactionManagementConfiguration$$EnhancerBySpringCGLIB$$3a793062] is not eligible for getting processed by all BeanPostProcessors (for example: not eligible for auto-proxying)
2021-08-01 11:39:52 [main] INFO  o.s.c.s.PostProcessorRegistrationDelegate$BeanPostProcessorChecker -
                Bean 'org.springframework.security.config.annotation.configuration.ObjectPostProcessorConfiguration' of type [org.springframework.security.config.annotation.configuration.ObjectPostProcessorConfiguration$$EnhancerBySpringCGLIB$$d326f89c] is not eligible for getting processed by all BeanPostProcessors (for example: not eligible for auto-proxying)
2021-08-01 11:39:52 [main] INFO  o.s.c.s.PostProcessorRegistrationDelegate$BeanPostProcessorChecker -
                Bean 'objectPostProcessor' of type [org.springframework.security.config.annotation.configuration.AutowireBeanFactoryObjectPostProcessor] is not eligible for getting processed by all BeanPostProcessors (for example: not eligible for auto-proxying)
2021-08-01 11:39:52 [main] INFO  o.s.c.s.PostProcessorRegistrationDelegate$BeanPostProcessorChecker -
                Bean 'org.springframework.security.access.expression.method.DefaultMethodSecurityExpressionHandler@26d41711' of type [org.springframework.security.access.expression.method.DefaultMethodSecurityExpressionHandler] is not eligible for getting processed by all BeanPostProcessors (for example: not eligible for auto-proxying)
2021-08-01 11:39:52 [main] INFO  o.s.c.s.PostProcessorRegistrationDelegate$BeanPostProcessorChecker -
                Bean 'org.springframework.security.config.annotation.method.configuration.GlobalMethodSecurityConfiguration' of type [org.springframework.security.config.annotation.method.configuration.GlobalMethodSecurityConfiguration$$EnhancerBySpringCGLIB$$f7fb9b4e] is not eligible for getting processed by all BeanPostProcessors (for example: not eligible for auto-proxying)
2021-08-01 11:39:52 [main] INFO  o.s.c.s.PostProcessorRegistrationDelegate$BeanPostProcessorChecker -
                Bean 'methodSecurityMetadataSource' of type [org.springframework.security.access.method.DelegatingMethodSecurityMetadataSource] is not eligible for getting processed by all BeanPostProcessors (for example: not eligible for auto-proxying)
2021-08-01 11:39:53 [main] INFO  o.s.b.w.e.tomcat.TomcatWebServer -
                Tomcat initialized with port(s): 8081 (http)
2021-08-01 11:39:53 [main] INFO  o.a.coyote.http11.Http11NioProtocol -
                Initializing ProtocolHandler ["http-nio-8081"]
2021-08-01 11:39:53 [main] INFO  o.a.catalina.core.StandardService -
                Starting service [Tomcat]
2021-08-01 11:39:53 [main] INFO  o.a.catalina.core.StandardEngine -
                Starting Servlet engine: [Apache Tomcat/9.0.24]
2021-08-01 11:39:53 [main] INFO  o.a.c.c.C.[Tomcat].[localhost].[/] -
                Initializing Spring embedded WebApplicationContext
2021-08-01 11:39:53 [main] INFO  o.s.web.context.ContextLoader -
                Root WebApplicationContext: initialization completed in 4500 ms
2021-08-01 11:39:54 [main] INFO  com.zaxxer.hikari.HikariDataSource -
                HikariPool-1 - Starting...
2021-08-01 11:39:57 [main] INFO  com.zaxxer.hikari.HikariDataSource -
                HikariPool-1 - Start completed.
2021-08-01 11:39:58 [main] INFO  o.h.jpa.internal.util.LogHelper -
                HHH000204: Processing PersistenceUnitInfo [
	name: default
	...]
2021-08-01 11:39:58 [main] INFO  org.hibernate.Version -
                HHH000412: Hibernate Core {5.3.11.Final}
2021-08-01 11:39:58 [main] INFO  org.hibernate.cfg.Environment -
                HHH000206: hibernate.properties not found
2021-08-01 11:39:58 [main] INFO  o.h.annotations.common.Version -
                HCANN000001: Hibernate Commons Annotations {5.0.4.Final}
2021-08-01 11:39:58 [main] INFO  org.hibernate.dialect.Dialect -
                HHH000400: Using dialect: org.hibernate.dialect.MySQL5InnoDBDialect
2021-08-01 11:40:03 [main] INFO  o.s.o.j.LocalContainerEntityManagerFactoryBean -
                Initialized JPA EntityManagerFactory for persistence unit 'default'
2021-08-01 11:40:04 [main] WARN  o.s.b.a.o.j.JpaBaseConfiguration$JpaWebConfiguration$JpaWebMvcConfiguration -
                spring.jpa.open-in-view is enabled by default. Therefore, database queries may be performed during view rendering. Explicitly configure spring.jpa.open-in-view to disable this warning
2021-08-01 11:40:04 [main] INFO  o.s.b.a.e.web.EndpointLinksResolver -
                Exposing 16 endpoint(s) beneath base path '/actuator'
2021-08-01 11:40:05 [main] INFO  o.s.s.web.DefaultSecurityFilterChain -
                Creating filter chain: any request, [org.springframework.security.web.context.request.async.WebAsyncManagerIntegrationFilter@7682bf66, org.springframework.security.web.context.SecurityContextPersistenceFilter@2e057637, org.springframework.security.web.header.HeaderWriterFilter@44da745f, org.springframework.web.filter.CorsFilter@4eb73cc8, org.springframework.security.web.authentication.logout.LogoutFilter@3be369fc, com.market.userauth.security.jwt.AuthTokenFilter@3909a854, org.springframework.security.web.savedrequest.RequestCacheAwareFilter@30ed2a26, org.springframework.security.web.servletapi.SecurityContextHolderAwareRequestFilter@7577589, org.springframework.security.web.authentication.AnonymousAuthenticationFilter@6e23ba17, org.springframework.security.web.session.SessionManagementFilter@297dff3a, org.springframework.security.web.access.ExceptionTranslationFilter@6b630d4b, org.springframework.security.web.access.intercept.FilterSecurityInterceptor@6d5de79a]
2021-08-01 11:40:05 [main] INFO  o.s.s.c.ThreadPoolTaskExecutor -
                Initializing ExecutorService 'applicationTaskExecutor'
2021-08-01 11:40:06 [main] INFO  o.a.coyote.http11.Http11NioProtocol -
                Starting ProtocolHandler ["http-nio-8081"]
2021-08-01 11:40:06 [main] INFO  o.s.b.w.e.tomcat.TomcatWebServer -
                Tomcat started on port(s): 8081 (http) with context path ''
2021-08-01 11:40:06 [main] INFO  c.m.u.UserAuthenticationApplication -
                Started UserAuthenticationApplication in 17.526 seconds (JVM running for 18.506)
2021-08-01 11:55:47 [http-nio-8081-exec-1] INFO  o.a.c.c.C.[Tomcat].[localhost].[/] -
                Initializing Spring DispatcherServlet 'dispatcherServlet'
2021-08-01 11:55:47 [http-nio-8081-exec-1] INFO  o.s.web.servlet.DispatcherServlet -
                Initializing Servlet 'dispatcherServlet'
2021-08-01 11:55:47 [http-nio-8081-exec-1] INFO  o.s.web.servlet.DispatcherServlet -
                Completed initialization in 19 ms
2021-08-01 11:55:48 [http-nio-8081-exec-1] INFO  o.h.h.i.QueryTranslatorFactoryInitiator -
                HHH000397: Using ASTQueryTranslatorFactory
2021-08-01 13:54:42 [HikariPool-1 housekeeper] WARN  com.zaxxer.hikari.pool.HikariPool -
                HikariPool-1 - Thread starvation or clock leap detected (housekeeper delta=10m20s800ms28µs400ns).
2021-08-01 13:54:48 [http-nio-8081-exec-1] WARN  com.zaxxer.hikari.pool.PoolBase -
                HikariPool-1 - Failed to validate connection com.mysql.cj.jdbc.ConnectionImpl@30f8340b (No operations allowed after connection closed.). Possibly consider using a shorter maxLifetime value.
2021-08-01 13:54:53 [http-nio-8081-exec-1] WARN  com.zaxxer.hikari.pool.PoolBase -
                HikariPool-1 - Failed to validate connection com.mysql.cj.jdbc.ConnectionImpl@6c917320 (No operations allowed after connection closed.). Possibly consider using a shorter maxLifetime value.
2021-08-01 13:54:58 [http-nio-8081-exec-1] WARN  com.zaxxer.hikari.pool.PoolBase -
                HikariPool-1 - Failed to validate connection com.mysql.cj.jdbc.ConnectionImpl@580a9aac (No operations allowed after connection closed.). Possibly consider using a shorter maxLifetime value.
2021-08-01 13:55:03 [http-nio-8081-exec-1] WARN  com.zaxxer.hikari.pool.PoolBase -
                HikariPool-1 - Failed to validate connection com.mysql.cj.jdbc.ConnectionImpl@47b49171 (No operations allowed after connection closed.). Possibly consider using a shorter maxLifetime value.
2021-08-01 13:55:08 [http-nio-8081-exec-1] WARN  com.zaxxer.hikari.pool.PoolBase -
                HikariPool-1 - Failed to validate connection com.mysql.cj.jdbc.ConnectionImpl@7faf9d82 (No operations allowed after connection closed.). Possibly consider using a shorter maxLifetime value.
2021-08-01 13:55:13 [http-nio-8081-exec-1] WARN  com.zaxxer.hikari.pool.PoolBase -
                HikariPool-1 - Failed to validate connection com.mysql.cj.jdbc.ConnectionImpl@63a6a88f (No operations allowed after connection closed.). Possibly consider using a shorter maxLifetime value.
2021-08-01 13:55:13 [http-nio-8081-exec-1] WARN  o.h.e.jdbc.spi.SqlExceptionHelper -
                SQL Error: 0, SQLState: 08003
2021-08-01 13:55:13 [http-nio-8081-exec-1] ERROR o.h.e.jdbc.spi.SqlExceptionHelper -
                HikariPool-1 - Connection is not available, request timed out after 30099ms.
2021-08-01 13:55:13 [http-nio-8081-exec-1] ERROR o.h.e.jdbc.spi.SqlExceptionHelper -
                No operations allowed after connection closed.
2021-08-01 13:55:13 [http-nio-8081-exec-1] ERROR c.m.u.security.jwt.AuthTokenFilter -
                Cannot set user authentication: {}
org.springframework.transaction.CannotCreateTransactionException: Could not open JPA EntityManager for transaction; nested exception is org.hibernate.exception.JDBCConnectionException: Unable to acquire JDBC Connection
	at org.springframework.orm.jpa.JpaTransactionManager.doBegin(JpaTransactionManager.java:446)
	at org.springframework.transaction.support.AbstractPlatformTransactionManager.getTransaction(AbstractPlatformTransactionManager.java:378)
	at org.springframework.transaction.interceptor.TransactionAspectSupport.createTransactionIfNecessary(TransactionAspectSupport.java:475)
	at org.springframework.transaction.interceptor.TransactionAspectSupport.invokeWithinTransaction(TransactionAspectSupport.java:289)
	at org.springframework.transaction.interceptor.TransactionInterceptor.invoke(TransactionInterceptor.java:98)
	at org.springframework.aop.framework.ReflectiveMethodInvocation.proceed(ReflectiveMethodInvocation.java:186)
	at org.springframework.aop.framework.CglibAopProxy$DynamicAdvisedInterceptor.intercept(CglibAopProxy.java:688)
	at com.market.userauth.security.services.UserDetailsServiceImpl$$EnhancerBySpringCGLIB$$4dc5c860.loadUserByUsername(<generated>)
	at com.market.userauth.security.jwt.AuthTokenFilter.doFilterInternal(AuthTokenFilter.java:39)
	at org.springframework.web.filter.OncePerRequestFilter.doFilter(OncePerRequestFilter.java:118)
	at org.springframework.security.web.FilterChainProxy$VirtualFilterChain.doFilter(FilterChainProxy.java:334)
	at org.springframework.security.web.authentication.logout.LogoutFilter.doFilter(LogoutFilter.java:116)
	at org.springframework.security.web.FilterChainProxy$VirtualFilterChain.doFilter(FilterChainProxy.java:334)
	at org.springframework.web.filter.CorsFilter.doFilterInternal(CorsFilter.java:96)
	at org.springframework.web.filter.OncePerRequestFilter.doFilter(OncePerRequestFilter.java:118)
	at org.springframework.security.web.FilterChainProxy$VirtualFilterChain.doFilter(FilterChainProxy.java:334)
	at org.springframework.security.web.header.HeaderWriterFilter.doFilterInternal(HeaderWriterFilter.java:74)
	at org.springframework.web.filter.OncePerRequestFilter.doFilter(OncePerRequestFilter.java:118)
	at org.springframework.security.web.FilterChainProxy$VirtualFilterChain.doFilter(FilterChainProxy.java:334)
	at org.springframework.security.web.context.SecurityContextPersistenceFilter.doFilter(SecurityContextPersistenceFilter.java:105)
	at org.springframework.security.web.FilterChainProxy$VirtualFilterChain.doFilter(FilterChainProxy.java:334)
	at org.springframework.security.web.context.request.async.WebAsyncManagerIntegrationFilter.doFilterInternal(WebAsyncManagerIntegrationFilter.java:56)
	at org.springframework.web.filter.OncePerRequestFilter.doFilter(OncePerRequestFilter.java:118)
	at org.springframework.security.web.FilterChainProxy$VirtualFilterChain.doFilter(FilterChainProxy.java:334)
	at org.springframework.security.web.FilterChainProxy.doFilterInternal(FilterChainProxy.java:215)
	at org.springframework.security.web.FilterChainProxy.doFilter(FilterChainProxy.java:178)
	at org.springframework.web.filter.DelegatingFilterProxy.invokeDelegate(DelegatingFilterProxy.java:357)
	at org.springframework.web.filter.DelegatingFilterProxy.doFilter(DelegatingFilterProxy.java:270)
	at org.apache.catalina.core.ApplicationFilterChain.internalDoFilter(ApplicationFilterChain.java:193)
	at org.apache.catalina.core.ApplicationFilterChain.doFilter(ApplicationFilterChain.java:166)
	at org.springframework.web.filter.RequestContextFilter.doFilterInternal(RequestContextFilter.java:99)
	at org.springframework.web.filter.OncePerRequestFilter.doFilter(OncePerRequestFilter.java:118)
	at org.apache.catalina.core.ApplicationFilterChain.internalDoFilter(ApplicationFilterChain.java:193)
	at org.apache.catalina.core.ApplicationFilterChain.doFilter(ApplicationFilterChain.java:166)
	at org.springframework.web.filter.FormContentFilter.doFilterInternal(FormContentFilter.java:92)
	at org.springframework.web.filter.OncePerRequestFilter.doFilter(OncePerRequestFilter.java:118)
	at org.apache.catalina.core.ApplicationFilterChain.internalDoFilter(ApplicationFilterChain.java:193)
	at org.apache.catalina.core.ApplicationFilterChain.doFilter(ApplicationFilterChain.java:166)
	at org.springframework.web.filter.HiddenHttpMethodFilter.doFilterInternal(HiddenHttpMethodFilter.java:93)
	at org.springframework.web.filter.OncePerRequestFilter.doFilter(OncePerRequestFilter.java:118)
	at org.apache.catalina.core.ApplicationFilterChain.internalDoFilter(ApplicationFilterChain.java:193)
	at org.apache.catalina.core.ApplicationFilterChain.doFilter(ApplicationFilterChain.java:166)
	at org.springframework.boot.actuate.metrics.web.servlet.WebMvcMetricsFilter.filterAndRecordMetrics(WebMvcMetricsFilter.java:114)
	at org.springframework.boot.actuate.metrics.web.servlet.WebMvcMetricsFilter.doFilterInternal(WebMvcMetricsFilter.java:104)
	at org.springframework.web.filter.OncePerRequestFilter.doFilter(OncePerRequestFilter.java:118)
	at org.apache.catalina.core.ApplicationFilterChain.internalDoFilter(ApplicationFilterChain.java:193)
	at org.apache.catalina.core.ApplicationFilterChain.doFilter(ApplicationFilterChain.java:166)
	at org.springframework.web.filter.CharacterEncodingFilter.doFilterInternal(CharacterEncodingFilter.java:200)
	at org.springframework.web.filter.OncePerRequestFilter.doFilter(OncePerRequestFilter.java:118)
	at org.apache.catalina.core.ApplicationFilterChain.internalDoFilter(ApplicationFilterChain.java:193)
	at org.apache.catalina.core.ApplicationFilterChain.doFilter(ApplicationFilterChain.java:166)
	at org.apache.catalina.core.StandardWrapperValve.invoke(StandardWrapperValve.java:202)
	at org.apache.catalina.core.StandardContextValve.invoke(StandardContextValve.java:96)
	at org.apache.catalina.authenticator.AuthenticatorBase.invoke(AuthenticatorBase.java:526)
	at org.apache.catalina.core.StandardHostValve.invoke(StandardHostValve.java:139)
	at org.apache.catalina.valves.ErrorReportValve.invoke(ErrorReportValve.java:92)
	at org.apache.catalina.core.StandardEngineValve.invoke(StandardEngineValve.java:74)
	at org.apache.catalina.connector.CoyoteAdapter.service(CoyoteAdapter.java:343)
	at org.apache.coyote.http11.Http11Processor.service(Http11Processor.java:408)
	at org.apache.coyote.AbstractProcessorLight.process(AbstractProcessorLight.java:66)
	at org.apache.coyote.AbstractProtocol$ConnectionHandler.process(AbstractProtocol.java:860)
	at org.apache.tomcat.util.net.NioEndpoint$SocketProcessor.doRun(NioEndpoint.java:1587)
	at org.apache.tomcat.util.net.SocketProcessorBase.run(SocketProcessorBase.java:49)
	at java.util.concurrent.ThreadPoolExecutor.runWorker(ThreadPoolExecutor.java:1149)
	at java.util.concurrent.ThreadPoolExecutor$Worker.run(ThreadPoolExecutor.java:624)
	at org.apache.tomcat.util.threads.TaskThread$WrappingRunnable.run(TaskThread.java:61)
	at java.lang.Thread.run(Thread.java:748)
Caused by: org.hibernate.exception.JDBCConnectionException: Unable to acquire JDBC Connection
	at org.hibernate.exception.internal.SQLExceptionTypeDelegate.convert(SQLExceptionTypeDelegate.java:48)
	at org.hibernate.exception.internal.StandardSQLExceptionConverter.convert(StandardSQLExceptionConverter.java:42)
	at org.hibernate.engine.jdbc.spi.SqlExceptionHelper.convert(SqlExceptionHelper.java:113)
	at org.hibernate.engine.jdbc.spi.SqlExceptionHelper.convert(SqlExceptionHelper.java:99)
	at org.hibernate.resource.jdbc.internal.LogicalConnectionManagedImpl.acquireConnectionIfNeeded(LogicalConnectionManagedImpl.java:109)
	at org.hibernate.resource.jdbc.internal.LogicalConnectionManagedImpl.getPhysicalConnection(LogicalConnectionManagedImpl.java:136)
	at org.hibernate.resource.jdbc.internal.LogicalConnectionManagedImpl.getConnectionForTransactionManagement(LogicalConnectionManagedImpl.java:254)
	at org.hibernate.resource.jdbc.internal.LogicalConnectionManagedImpl.begin(LogicalConnectionManagedImpl.java:262)
	at org.hibernate.resource.transaction.backend.jdbc.internal.JdbcResourceLocalTransactionCoordinatorImpl$TransactionDriverControlImpl.begin(JdbcResourceLocalTransactionCoordinatorImpl.java:236)
	at org.hibernate.engine.transaction.internal.TransactionImpl.begin(TransactionImpl.java:86)
	at org.springframework.orm.jpa.vendor.HibernateJpaDialect.beginTransaction(HibernateJpaDialect.java:183)
	at org.springframework.orm.jpa.JpaTransactionManager.doBegin(JpaTransactionManager.java:401)
	... 66 common frames omitted
Caused by: java.sql.SQLTransientConnectionException: HikariPool-1 - Connection is not available, request timed out after 30099ms.
	at com.zaxxer.hikari.pool.HikariPool.createTimeoutException(HikariPool.java:676)
	at com.zaxxer.hikari.pool.HikariPool.getConnection(HikariPool.java:190)
	at com.zaxxer.hikari.pool.HikariPool.getConnection(HikariPool.java:155)
	at com.zaxxer.hikari.HikariDataSource.getConnection(HikariDataSource.java:128)
	at org.hibernate.engine.jdbc.connections.internal.DatasourceConnectionProviderImpl.getConnection(DatasourceConnectionProviderImpl.java:122)
	at org.hibernate.internal.NonContextualJdbcConnectionAccess.obtainConnection(NonContextualJdbcConnectionAccess.java:35)
	at org.hibernate.resource.jdbc.internal.LogicalConnectionManagedImpl.acquireConnectionIfNeeded(LogicalConnectionManagedImpl.java:106)
	... 73 common frames omitted
Caused by: java.sql.SQLNonTransientConnectionException: No operations allowed after connection closed.
	at com.mysql.cj.jdbc.exceptions.SQLError.createSQLException(SQLError.java:110)
	at com.mysql.cj.jdbc.exceptions.SQLError.createSQLException(SQLError.java:97)
	at com.mysql.cj.jdbc.exceptions.SQLError.createSQLException(SQLError.java:89)
	at com.mysql.cj.jdbc.exceptions.SQLError.createSQLException(SQLError.java:63)
	at com.mysql.cj.jdbc.exceptions.SQLError.createSQLException(SQLError.java:73)
	at com.mysql.cj.jdbc.exceptions.SQLExceptionsMapping.translateException(SQLExceptionsMapping.java:73)
	at com.mysql.cj.jdbc.ConnectionImpl.setNetworkTimeout(ConnectionImpl.java:2488)
	at com.zaxxer.hikari.pool.PoolBase.setNetworkTimeout(PoolBase.java:550)
	at com.zaxxer.hikari.pool.PoolBase.isConnectionAlive(PoolBase.java:165)
	at com.zaxxer.hikari.pool.HikariPool.getConnection(HikariPool.java:179)
	... 78 common frames omitted
Caused by: com.mysql.cj.exceptions.ConnectionIsClosedException: No operations allowed after connection closed.
	at sun.reflect.NativeConstructorAccessorImpl.newInstance0(Native Method)
	at sun.reflect.NativeConstructorAccessorImpl.newInstance(NativeConstructorAccessorImpl.java:62)
	at sun.reflect.DelegatingConstructorAccessorImpl.newInstance(DelegatingConstructorAccessorImpl.java:45)
	at java.lang.reflect.Constructor.newInstance(Constructor.java:423)
	at com.mysql.cj.exceptions.ExceptionFactory.createException(ExceptionFactory.java:61)
	at com.mysql.cj.exceptions.ExceptionFactory.createException(ExceptionFactory.java:105)
	at com.mysql.cj.exceptions.ExceptionFactory.createException(ExceptionFactory.java:151)
	at com.mysql.cj.NativeSession.checkClosed(NativeSession.java:1209)
	at com.mysql.cj.jdbc.ConnectionImpl.checkClosed(ConnectionImpl.java:567)
	at com.mysql.cj.jdbc.ConnectionImpl.setNetworkTimeout(ConnectionImpl.java:2484)
	... 81 common frames omitted
2021-08-01 13:55:13 [http-nio-8081-exec-1] ERROR c.m.u.security.jwt.AuthEntryPointJwt -
                Unauthorized error: Full authentication is required to access this resource
2021-08-01 15:48:16 [HikariPool-1 housekeeper] WARN  com.zaxxer.hikari.pool.HikariPool -
                HikariPool-1 - Thread starvation or clock leap detected (housekeeper delta=15m10s136ms143µs200ns).
2021-08-01 15:48:28 [http-nio-8081-exec-4] WARN  com.zaxxer.hikari.pool.PoolBase -
                HikariPool-1 - Failed to validate connection com.mysql.cj.jdbc.ConnectionImpl@8c630dd (No operations allowed after connection closed.). Possibly consider using a shorter maxLifetime value.
2021-08-01 15:48:33 [http-nio-8081-exec-4] WARN  com.zaxxer.hikari.pool.PoolBase -
                HikariPool-1 - Failed to validate connection com.mysql.cj.jdbc.ConnectionImpl@23e5bad (No operations allowed after connection closed.). Possibly consider using a shorter maxLifetime value.
2021-08-01 15:48:38 [http-nio-8081-exec-4] WARN  com.zaxxer.hikari.pool.PoolBase -
                HikariPool-1 - Failed to validate connection com.mysql.cj.jdbc.ConnectionImpl@7e45456c (No operations allowed after connection closed.). Possibly consider using a shorter maxLifetime value.
2021-08-01 15:48:43 [http-nio-8081-exec-4] WARN  com.zaxxer.hikari.pool.PoolBase -
                HikariPool-1 - Failed to validate connection com.mysql.cj.jdbc.ConnectionImpl@6229f3e (No operations allowed after connection closed.). Possibly consider using a shorter maxLifetime value.
2021-08-01 15:48:48 [http-nio-8081-exec-4] WARN  com.zaxxer.hikari.pool.PoolBase -
                HikariPool-1 - Failed to validate connection com.mysql.cj.jdbc.ConnectionImpl@73a9756a (No operations allowed after connection closed.). Possibly consider using a shorter maxLifetime value.
2021-08-01 15:48:53 [http-nio-8081-exec-4] WARN  com.zaxxer.hikari.pool.PoolBase -
                HikariPool-1 - Failed to validate connection com.mysql.cj.jdbc.ConnectionImpl@1d269534 (No operations allowed after connection closed.). Possibly consider using a shorter maxLifetime value.
2021-08-01 15:48:53 [http-nio-8081-exec-4] WARN  o.h.e.jdbc.spi.SqlExceptionHelper -
                SQL Error: 0, SQLState: 08003
2021-08-01 15:48:53 [http-nio-8081-exec-4] ERROR o.h.e.jdbc.spi.SqlExceptionHelper -
                HikariPool-1 - Connection is not available, request timed out after 30079ms.
2021-08-01 15:48:53 [http-nio-8081-exec-4] ERROR o.h.e.jdbc.spi.SqlExceptionHelper -
                No operations allowed after connection closed.
2021-08-01 15:48:53 [http-nio-8081-exec-4] ERROR c.m.u.security.jwt.AuthTokenFilter -
                Cannot set user authentication: {}
org.springframework.transaction.CannotCreateTransactionException: Could not open JPA EntityManager for transaction; nested exception is org.hibernate.exception.JDBCConnectionException: Unable to acquire JDBC Connection
	at org.springframework.orm.jpa.JpaTransactionManager.doBegin(JpaTransactionManager.java:446)
	at org.springframework.transaction.support.AbstractPlatformTransactionManager.getTransaction(AbstractPlatformTransactionManager.java:378)
	at org.springframework.transaction.interceptor.TransactionAspectSupport.createTransactionIfNecessary(TransactionAspectSupport.java:475)
	at org.springframework.transaction.interceptor.TransactionAspectSupport.invokeWithinTransaction(TransactionAspectSupport.java:289)
	at org.springframework.transaction.interceptor.TransactionInterceptor.invoke(TransactionInterceptor.java:98)
	at org.springframework.aop.framework.ReflectiveMethodInvocation.proceed(ReflectiveMethodInvocation.java:186)
	at org.springframework.aop.framework.CglibAopProxy$DynamicAdvisedInterceptor.intercept(CglibAopProxy.java:688)
	at com.market.userauth.security.services.UserDetailsServiceImpl$$EnhancerBySpringCGLIB$$4dc5c860.loadUserByUsername(<generated>)
	at com.market.userauth.security.jwt.AuthTokenFilter.doFilterInternal(AuthTokenFilter.java:39)
	at org.springframework.web.filter.OncePerRequestFilter.doFilter(OncePerRequestFilter.java:118)
	at org.springframework.security.web.FilterChainProxy$VirtualFilterChain.doFilter(FilterChainProxy.java:334)
	at org.springframework.security.web.authentication.logout.LogoutFilter.doFilter(LogoutFilter.java:116)
	at org.springframework.security.web.FilterChainProxy$VirtualFilterChain.doFilter(FilterChainProxy.java:334)
	at org.springframework.web.filter.CorsFilter.doFilterInternal(CorsFilter.java:96)
	at org.springframework.web.filter.OncePerRequestFilter.doFilter(OncePerRequestFilter.java:118)
	at org.springframework.security.web.FilterChainProxy$VirtualFilterChain.doFilter(FilterChainProxy.java:334)
	at org.springframework.security.web.header.HeaderWriterFilter.doFilterInternal(HeaderWriterFilter.java:74)
	at org.springframework.web.filter.OncePerRequestFilter.doFilter(OncePerRequestFilter.java:118)
	at org.springframework.security.web.FilterChainProxy$VirtualFilterChain.doFilter(FilterChainProxy.java:334)
	at org.springframework.security.web.context.SecurityContextPersistenceFilter.doFilter(SecurityContextPersistenceFilter.java:105)
	at org.springframework.security.web.FilterChainProxy$VirtualFilterChain.doFilter(FilterChainProxy.java:334)
	at org.springframework.security.web.context.request.async.WebAsyncManagerIntegrationFilter.doFilterInternal(WebAsyncManagerIntegrationFilter.java:56)
	at org.springframework.web.filter.OncePerRequestFilter.doFilter(OncePerRequestFilter.java:118)
	at org.springframework.security.web.FilterChainProxy$VirtualFilterChain.doFilter(FilterChainProxy.java:334)
	at org.springframework.security.web.FilterChainProxy.doFilterInternal(FilterChainProxy.java:215)
	at org.springframework.security.web.FilterChainProxy.doFilter(FilterChainProxy.java:178)
	at org.springframework.web.filter.DelegatingFilterProxy.invokeDelegate(DelegatingFilterProxy.java:357)
	at org.springframework.web.filter.DelegatingFilterProxy.doFilter(DelegatingFilterProxy.java:270)
	at org.apache.catalina.core.ApplicationFilterChain.internalDoFilter(ApplicationFilterChain.java:193)
	at org.apache.catalina.core.ApplicationFilterChain.doFilter(ApplicationFilterChain.java:166)
	at org.springframework.web.filter.RequestContextFilter.doFilterInternal(RequestContextFilter.java:99)
	at org.springframework.web.filter.OncePerRequestFilter.doFilter(OncePerRequestFilter.java:118)
	at org.apache.catalina.core.ApplicationFilterChain.internalDoFilter(ApplicationFilterChain.java:193)
	at org.apache.catalina.core.ApplicationFilterChain.doFilter(ApplicationFilterChain.java:166)
	at org.springframework.web.filter.FormContentFilter.doFilterInternal(FormContentFilter.java:92)
	at org.springframework.web.filter.OncePerRequestFilter.doFilter(OncePerRequestFilter.java:118)
	at org.apache.catalina.core.ApplicationFilterChain.internalDoFilter(ApplicationFilterChain.java:193)
	at org.apache.catalina.core.ApplicationFilterChain.doFilter(ApplicationFilterChain.java:166)
	at org.springframework.web.filter.HiddenHttpMethodFilter.doFilterInternal(HiddenHttpMethodFilter.java:93)
	at org.springframework.web.filter.OncePerRequestFilter.doFilter(OncePerRequestFilter.java:118)
	at org.apache.catalina.core.ApplicationFilterChain.internalDoFilter(ApplicationFilterChain.java:193)
	at org.apache.catalina.core.ApplicationFilterChain.doFilter(ApplicationFilterChain.java:166)
	at org.springframework.boot.actuate.metrics.web.servlet.WebMvcMetricsFilter.filterAndRecordMetrics(WebMvcMetricsFilter.java:114)
	at org.springframework.boot.actuate.metrics.web.servlet.WebMvcMetricsFilter.doFilterInternal(WebMvcMetricsFilter.java:104)
	at org.springframework.web.filter.OncePerRequestFilter.doFilter(OncePerRequestFilter.java:118)
	at org.apache.catalina.core.ApplicationFilterChain.internalDoFilter(ApplicationFilterChain.java:193)
	at org.apache.catalina.core.ApplicationFilterChain.doFilter(ApplicationFilterChain.java:166)
	at org.springframework.web.filter.CharacterEncodingFilter.doFilterInternal(CharacterEncodingFilter.java:200)
	at org.springframework.web.filter.OncePerRequestFilter.doFilter(OncePerRequestFilter.java:118)
	at org.apache.catalina.core.ApplicationFilterChain.internalDoFilter(ApplicationFilterChain.java:193)
	at org.apache.catalina.core.ApplicationFilterChain.doFilter(ApplicationFilterChain.java:166)
	at org.apache.catalina.core.StandardWrapperValve.invoke(StandardWrapperValve.java:202)
	at org.apache.catalina.core.StandardContextValve.invoke(StandardContextValve.java:96)
	at org.apache.catalina.authenticator.AuthenticatorBase.invoke(AuthenticatorBase.java:526)
	at org.apache.catalina.core.StandardHostValve.invoke(StandardHostValve.java:139)
	at org.apache.catalina.valves.ErrorReportValve.invoke(ErrorReportValve.java:92)
	at org.apache.catalina.core.StandardEngineValve.invoke(StandardEngineValve.java:74)
	at org.apache.catalina.connector.CoyoteAdapter.service(CoyoteAdapter.java:343)
	at org.apache.coyote.http11.Http11Processor.service(Http11Processor.java:408)
	at org.apache.coyote.AbstractProcessorLight.process(AbstractProcessorLight.java:66)
	at org.apache.coyote.AbstractProtocol$ConnectionHandler.process(AbstractProtocol.java:860)
	at org.apache.tomcat.util.net.NioEndpoint$SocketProcessor.doRun(NioEndpoint.java:1587)
	at org.apache.tomcat.util.net.SocketProcessorBase.run(SocketProcessorBase.java:49)
	at java.util.concurrent.ThreadPoolExecutor.runWorker(ThreadPoolExecutor.java:1149)
	at java.util.concurrent.ThreadPoolExecutor$Worker.run(ThreadPoolExecutor.java:624)
	at org.apache.tomcat.util.threads.TaskThread$WrappingRunnable.run(TaskThread.java:61)
	at java.lang.Thread.run(Thread.java:748)
Caused by: org.hibernate.exception.JDBCConnectionException: Unable to acquire JDBC Connection
	at org.hibernate.exception.internal.SQLExceptionTypeDelegate.convert(SQLExceptionTypeDelegate.java:48)
	at org.hibernate.exception.internal.StandardSQLExceptionConverter.convert(StandardSQLExceptionConverter.java:42)
	at org.hibernate.engine.jdbc.spi.SqlExceptionHelper.convert(SqlExceptionHelper.java:113)
	at org.hibernate.engine.jdbc.spi.SqlExceptionHelper.convert(SqlExceptionHelper.java:99)
	at org.hibernate.resource.jdbc.internal.LogicalConnectionManagedImpl.acquireConnectionIfNeeded(LogicalConnectionManagedImpl.java:109)
	at org.hibernate.resource.jdbc.internal.LogicalConnectionManagedImpl.getPhysicalConnection(LogicalConnectionManagedImpl.java:136)
	at org.hibernate.resource.jdbc.internal.LogicalConnectionManagedImpl.getConnectionForTransactionManagement(LogicalConnectionManagedImpl.java:254)
	at org.hibernate.resource.jdbc.internal.LogicalConnectionManagedImpl.begin(LogicalConnectionManagedImpl.java:262)
	at org.hibernate.resource.transaction.backend.jdbc.internal.JdbcResourceLocalTransactionCoordinatorImpl$TransactionDriverControlImpl.begin(JdbcResourceLocalTransactionCoordinatorImpl.java:236)
	at org.hibernate.engine.transaction.internal.TransactionImpl.begin(TransactionImpl.java:86)
	at org.springframework.orm.jpa.vendor.HibernateJpaDialect.beginTransaction(HibernateJpaDialect.java:183)
	at org.springframework.orm.jpa.JpaTransactionManager.doBegin(JpaTransactionManager.java:401)
	... 66 common frames omitted
Caused by: java.sql.SQLTransientConnectionException: HikariPool-1 - Connection is not available, request timed out after 30079ms.
	at com.zaxxer.hikari.pool.HikariPool.createTimeoutException(HikariPool.java:676)
	at com.zaxxer.hikari.pool.HikariPool.getConnection(HikariPool.java:190)
	at com.zaxxer.hikari.pool.HikariPool.getConnection(HikariPool.java:155)
	at com.zaxxer.hikari.HikariDataSource.getConnection(HikariDataSource.java:128)
	at org.hibernate.engine.jdbc.connections.internal.DatasourceConnectionProviderImpl.getConnection(DatasourceConnectionProviderImpl.java:122)
	at org.hibernate.internal.NonContextualJdbcConnectionAccess.obtainConnection(NonContextualJdbcConnectionAccess.java:35)
	at org.hibernate.resource.jdbc.internal.LogicalConnectionManagedImpl.acquireConnectionIfNeeded(LogicalConnectionManagedImpl.java:106)
	... 73 common frames omitted
Caused by: java.sql.SQLNonTransientConnectionException: No operations allowed after connection closed.
	at com.mysql.cj.jdbc.exceptions.SQLError.createSQLException(SQLError.java:110)
	at com.mysql.cj.jdbc.exceptions.SQLError.createSQLException(SQLError.java:97)
	at com.mysql.cj.jdbc.exceptions.SQLError.createSQLException(SQLError.java:89)
	at com.mysql.cj.jdbc.exceptions.SQLError.createSQLException(SQLError.java:63)
	at com.mysql.cj.jdbc.exceptions.SQLError.createSQLException(SQLError.java:73)
	at com.mysql.cj.jdbc.exceptions.SQLExceptionsMapping.translateException(SQLExceptionsMapping.java:73)
	at com.mysql.cj.jdbc.ConnectionImpl.setNetworkTimeout(ConnectionImpl.java:2488)
	at com.zaxxer.hikari.pool.PoolBase.setNetworkTimeout(PoolBase.java:550)
	at com.zaxxer.hikari.pool.PoolBase.isConnectionAlive(PoolBase.java:165)
	at com.zaxxer.hikari.pool.HikariPool.getConnection(HikariPool.java:179)
	... 78 common frames omitted
Caused by: com.mysql.cj.exceptions.ConnectionIsClosedException: No operations allowed after connection closed.
	at sun.reflect.NativeConstructorAccessorImpl.newInstance0(Native Method)
	at sun.reflect.NativeConstructorAccessorImpl.newInstance(NativeConstructorAccessorImpl.java:62)
	at sun.reflect.DelegatingConstructorAccessorImpl.newInstance(DelegatingConstructorAccessorImpl.java:45)
	at java.lang.reflect.Constructor.newInstance(Constructor.java:423)
	at com.mysql.cj.exceptions.ExceptionFactory.createException(ExceptionFactory.java:61)
	at com.mysql.cj.exceptions.ExceptionFactory.createException(ExceptionFactory.java:105)
	at com.mysql.cj.exceptions.ExceptionFactory.createException(ExceptionFactory.java:151)
	at com.mysql.cj.NativeSession.checkClosed(NativeSession.java:1209)
	at com.mysql.cj.jdbc.ConnectionImpl.checkClosed(ConnectionImpl.java:567)
	at com.mysql.cj.jdbc.ConnectionImpl.setNetworkTimeout(ConnectionImpl.java:2484)
	... 81 common frames omitted
2021-08-01 15:48:53 [http-nio-8081-exec-4] ERROR c.m.u.security.jwt.AuthEntryPointJwt -
                Unauthorized error: Full authentication is required to access this resource
2021-08-01 16:08:48 [http-nio-8081-exec-6] WARN  com.zaxxer.hikari.pool.PoolBase -
                HikariPool-1 - Failed to validate connection com.mysql.cj.jdbc.ConnectionImpl@61485f3a (No operations allowed after connection closed.). Possibly consider using a shorter maxLifetime value.
2021-08-01 16:08:53 [http-nio-8081-exec-6] WARN  com.zaxxer.hikari.pool.PoolBase -
                HikariPool-1 - Failed to validate connection com.mysql.cj.jdbc.ConnectionImpl@7a07f5bc (No operations allowed after connection closed.). Possibly consider using a shorter maxLifetime value.
2021-08-01 16:08:54 [HikariPool-1 housekeeper] WARN  com.zaxxer.hikari.pool.HikariPool -
                HikariPool-1 - Thread starvation or clock leap detected (housekeeper delta=2m5s988ms290µs400ns).
2021-08-01 16:08:58 [http-nio-8081-exec-6] WARN  com.zaxxer.hikari.pool.PoolBase -
                HikariPool-1 - Failed to validate connection com.mysql.cj.jdbc.ConnectionImpl@14ee67b (No operations allowed after connection closed.). Possibly consider using a shorter maxLifetime value.
2021-08-01 16:09:03 [http-nio-8081-exec-6] WARN  com.zaxxer.hikari.pool.PoolBase -
                HikariPool-1 - Failed to validate connection com.mysql.cj.jdbc.ConnectionImpl@61dc7711 (No operations allowed after connection closed.). Possibly consider using a shorter maxLifetime value.
2021-08-01 16:09:08 [http-nio-8081-exec-6] WARN  com.zaxxer.hikari.pool.PoolBase -
                HikariPool-1 - Failed to validate connection com.mysql.cj.jdbc.ConnectionImpl@59e0c056 (No operations allowed after connection closed.). Possibly consider using a shorter maxLifetime value.
2021-08-01 16:09:13 [http-nio-8081-exec-6] WARN  com.zaxxer.hikari.pool.PoolBase -
                HikariPool-1 - Failed to validate connection com.mysql.cj.jdbc.ConnectionImpl@75ca6a89 (No operations allowed after connection closed.). Possibly consider using a shorter maxLifetime value.
2021-08-01 16:09:13 [http-nio-8081-exec-6] WARN  o.h.e.jdbc.spi.SqlExceptionHelper -
                SQL Error: 0, SQLState: 08003
2021-08-01 16:09:13 [http-nio-8081-exec-6] ERROR o.h.e.jdbc.spi.SqlExceptionHelper -
                HikariPool-1 - Connection is not available, request timed out after 30111ms.
2021-08-01 16:09:13 [http-nio-8081-exec-6] ERROR o.h.e.jdbc.spi.SqlExceptionHelper -
                No operations allowed after connection closed.
2021-08-01 16:09:13 [http-nio-8081-exec-6] ERROR c.m.u.security.jwt.AuthTokenFilter -
                Cannot set user authentication: {}
org.springframework.transaction.CannotCreateTransactionException: Could not open JPA EntityManager for transaction; nested exception is org.hibernate.exception.JDBCConnectionException: Unable to acquire JDBC Connection
	at org.springframework.orm.jpa.JpaTransactionManager.doBegin(JpaTransactionManager.java:446)
	at org.springframework.transaction.support.AbstractPlatformTransactionManager.getTransaction(AbstractPlatformTransactionManager.java:378)
	at org.springframework.transaction.interceptor.TransactionAspectSupport.createTransactionIfNecessary(TransactionAspectSupport.java:475)
	at org.springframework.transaction.interceptor.TransactionAspectSupport.invokeWithinTransaction(TransactionAspectSupport.java:289)
	at org.springframework.transaction.interceptor.TransactionInterceptor.invoke(TransactionInterceptor.java:98)
	at org.springframework.aop.framework.ReflectiveMethodInvocation.proceed(ReflectiveMethodInvocation.java:186)
	at org.springframework.aop.framework.CglibAopProxy$DynamicAdvisedInterceptor.intercept(CglibAopProxy.java:688)
	at com.market.userauth.security.services.UserDetailsServiceImpl$$EnhancerBySpringCGLIB$$4dc5c860.loadUserByUsername(<generated>)
	at com.market.userauth.security.jwt.AuthTokenFilter.doFilterInternal(AuthTokenFilter.java:39)
	at org.springframework.web.filter.OncePerRequestFilter.doFilter(OncePerRequestFilter.java:118)
	at org.springframework.security.web.FilterChainProxy$VirtualFilterChain.doFilter(FilterChainProxy.java:334)
	at org.springframework.security.web.authentication.logout.LogoutFilter.doFilter(LogoutFilter.java:116)
	at org.springframework.security.web.FilterChainProxy$VirtualFilterChain.doFilter(FilterChainProxy.java:334)
	at org.springframework.web.filter.CorsFilter.doFilterInternal(CorsFilter.java:96)
	at org.springframework.web.filter.OncePerRequestFilter.doFilter(OncePerRequestFilter.java:118)
	at org.springframework.security.web.FilterChainProxy$VirtualFilterChain.doFilter(FilterChainProxy.java:334)
	at org.springframework.security.web.header.HeaderWriterFilter.doFilterInternal(HeaderWriterFilter.java:74)
	at org.springframework.web.filter.OncePerRequestFilter.doFilter(OncePerRequestFilter.java:118)
	at org.springframework.security.web.FilterChainProxy$VirtualFilterChain.doFilter(FilterChainProxy.java:334)
	at org.springframework.security.web.context.SecurityContextPersistenceFilter.doFilter(SecurityContextPersistenceFilter.java:105)
	at org.springframework.security.web.FilterChainProxy$VirtualFilterChain.doFilter(FilterChainProxy.java:334)
	at org.springframework.security.web.context.request.async.WebAsyncManagerIntegrationFilter.doFilterInternal(WebAsyncManagerIntegrationFilter.java:56)
	at org.springframework.web.filter.OncePerRequestFilter.doFilter(OncePerRequestFilter.java:118)
	at org.springframework.security.web.FilterChainProxy$VirtualFilterChain.doFilter(FilterChainProxy.java:334)
	at org.springframework.security.web.FilterChainProxy.doFilterInternal(FilterChainProxy.java:215)
	at org.springframework.security.web.FilterChainProxy.doFilter(FilterChainProxy.java:178)
	at org.springframework.web.filter.DelegatingFilterProxy.invokeDelegate(DelegatingFilterProxy.java:357)
	at org.springframework.web.filter.DelegatingFilterProxy.doFilter(DelegatingFilterProxy.java:270)
	at org.apache.catalina.core.ApplicationFilterChain.internalDoFilter(ApplicationFilterChain.java:193)
	at org.apache.catalina.core.ApplicationFilterChain.doFilter(ApplicationFilterChain.java:166)
	at org.springframework.web.filter.RequestContextFilter.doFilterInternal(RequestContextFilter.java:99)
	at org.springframework.web.filter.OncePerRequestFilter.doFilter(OncePerRequestFilter.java:118)
	at org.apache.catalina.core.ApplicationFilterChain.internalDoFilter(ApplicationFilterChain.java:193)
	at org.apache.catalina.core.ApplicationFilterChain.doFilter(ApplicationFilterChain.java:166)
	at org.springframework.web.filter.FormContentFilter.doFilterInternal(FormContentFilter.java:92)
	at org.springframework.web.filter.OncePerRequestFilter.doFilter(OncePerRequestFilter.java:118)
	at org.apache.catalina.core.ApplicationFilterChain.internalDoFilter(ApplicationFilterChain.java:193)
	at org.apache.catalina.core.ApplicationFilterChain.doFilter(ApplicationFilterChain.java:166)
	at org.springframework.web.filter.HiddenHttpMethodFilter.doFilterInternal(HiddenHttpMethodFilter.java:93)
	at org.springframework.web.filter.OncePerRequestFilter.doFilter(OncePerRequestFilter.java:118)
	at org.apache.catalina.core.ApplicationFilterChain.internalDoFilter(ApplicationFilterChain.java:193)
	at org.apache.catalina.core.ApplicationFilterChain.doFilter(ApplicationFilterChain.java:166)
	at org.springframework.boot.actuate.metrics.web.servlet.WebMvcMetricsFilter.filterAndRecordMetrics(WebMvcMetricsFilter.java:114)
	at org.springframework.boot.actuate.metrics.web.servlet.WebMvcMetricsFilter.doFilterInternal(WebMvcMetricsFilter.java:104)
	at org.springframework.web.filter.OncePerRequestFilter.doFilter(OncePerRequestFilter.java:118)
	at org.apache.catalina.core.ApplicationFilterChain.internalDoFilter(ApplicationFilterChain.java:193)
	at org.apache.catalina.core.ApplicationFilterChain.doFilter(ApplicationFilterChain.java:166)
	at org.springframework.web.filter.CharacterEncodingFilter.doFilterInternal(CharacterEncodingFilter.java:200)
	at org.springframework.web.filter.OncePerRequestFilter.doFilter(OncePerRequestFilter.java:118)
	at org.apache.catalina.core.ApplicationFilterChain.internalDoFilter(ApplicationFilterChain.java:193)
	at org.apache.catalina.core.ApplicationFilterChain.doFilter(ApplicationFilterChain.java:166)
	at org.apache.catalina.core.StandardWrapperValve.invoke(StandardWrapperValve.java:202)
	at org.apache.catalina.core.StandardContextValve.invoke(StandardContextValve.java:96)
	at org.apache.catalina.authenticator.AuthenticatorBase.invoke(AuthenticatorBase.java:526)
	at org.apache.catalina.core.StandardHostValve.invoke(StandardHostValve.java:139)
	at org.apache.catalina.valves.ErrorReportValve.invoke(ErrorReportValve.java:92)
	at org.apache.catalina.core.StandardEngineValve.invoke(StandardEngineValve.java:74)
	at org.apache.catalina.connector.CoyoteAdapter.service(CoyoteAdapter.java:343)
	at org.apache.coyote.http11.Http11Processor.service(Http11Processor.java:408)
	at org.apache.coyote.AbstractProcessorLight.process(AbstractProcessorLight.java:66)
	at org.apache.coyote.AbstractProtocol$ConnectionHandler.process(AbstractProtocol.java:860)
	at org.apache.tomcat.util.net.NioEndpoint$SocketProcessor.doRun(NioEndpoint.java:1587)
	at org.apache.tomcat.util.net.SocketProcessorBase.run(SocketProcessorBase.java:49)
	at java.util.concurrent.ThreadPoolExecutor.runWorker(ThreadPoolExecutor.java:1149)
	at java.util.concurrent.ThreadPoolExecutor$Worker.run(ThreadPoolExecutor.java:624)
	at org.apache.tomcat.util.threads.TaskThread$WrappingRunnable.run(TaskThread.java:61)
	at java.lang.Thread.run(Thread.java:748)
Caused by: org.hibernate.exception.JDBCConnectionException: Unable to acquire JDBC Connection
	at org.hibernate.exception.internal.SQLExceptionTypeDelegate.convert(SQLExceptionTypeDelegate.java:48)
	at org.hibernate.exception.internal.StandardSQLExceptionConverter.convert(StandardSQLExceptionConverter.java:42)
	at org.hibernate.engine.jdbc.spi.SqlExceptionHelper.convert(SqlExceptionHelper.java:113)
	at org.hibernate.engine.jdbc.spi.SqlExceptionHelper.convert(SqlExceptionHelper.java:99)
	at org.hibernate.resource.jdbc.internal.LogicalConnectionManagedImpl.acquireConnectionIfNeeded(LogicalConnectionManagedImpl.java:109)
	at org.hibernate.resource.jdbc.internal.LogicalConnectionManagedImpl.getPhysicalConnection(LogicalConnectionManagedImpl.java:136)
	at org.hibernate.resource.jdbc.internal.LogicalConnectionManagedImpl.getConnectionForTransactionManagement(LogicalConnectionManagedImpl.java:254)
	at org.hibernate.resource.jdbc.internal.LogicalConnectionManagedImpl.begin(LogicalConnectionManagedImpl.java:262)
	at org.hibernate.resource.transaction.backend.jdbc.internal.JdbcResourceLocalTransactionCoordinatorImpl$TransactionDriverControlImpl.begin(JdbcResourceLocalTransactionCoordinatorImpl.java:236)
	at org.hibernate.engine.transaction.internal.TransactionImpl.begin(TransactionImpl.java:86)
	at org.springframework.orm.jpa.vendor.HibernateJpaDialect.beginTransaction(HibernateJpaDialect.java:183)
	at org.springframework.orm.jpa.JpaTransactionManager.doBegin(JpaTransactionManager.java:401)
	... 66 common frames omitted
Caused by: java.sql.SQLTransientConnectionException: HikariPool-1 - Connection is not available, request timed out after 30111ms.
	at com.zaxxer.hikari.pool.HikariPool.createTimeoutException(HikariPool.java:676)
	at com.zaxxer.hikari.pool.HikariPool.getConnection(HikariPool.java:190)
	at com.zaxxer.hikari.pool.HikariPool.getConnection(HikariPool.java:155)
	at com.zaxxer.hikari.HikariDataSource.getConnection(HikariDataSource.java:128)
	at org.hibernate.engine.jdbc.connections.internal.DatasourceConnectionProviderImpl.getConnection(DatasourceConnectionProviderImpl.java:122)
	at org.hibernate.internal.NonContextualJdbcConnectionAccess.obtainConnection(NonContextualJdbcConnectionAccess.java:35)
	at org.hibernate.resource.jdbc.internal.LogicalConnectionManagedImpl.acquireConnectionIfNeeded(LogicalConnectionManagedImpl.java:106)
	... 73 common frames omitted
Caused by: java.sql.SQLNonTransientConnectionException: No operations allowed after connection closed.
	at com.mysql.cj.jdbc.exceptions.SQLError.createSQLException(SQLError.java:110)
	at com.mysql.cj.jdbc.exceptions.SQLError.createSQLException(SQLError.java:97)
	at com.mysql.cj.jdbc.exceptions.SQLError.createSQLException(SQLError.java:89)
	at com.mysql.cj.jdbc.exceptions.SQLError.createSQLException(SQLError.java:63)
	at com.mysql.cj.jdbc.exceptions.SQLError.createSQLException(SQLError.java:73)
	at com.mysql.cj.jdbc.exceptions.SQLExceptionsMapping.translateException(SQLExceptionsMapping.java:73)
	at com.mysql.cj.jdbc.ConnectionImpl.setNetworkTimeout(ConnectionImpl.java:2488)
	at com.zaxxer.hikari.pool.PoolBase.setNetworkTimeout(PoolBase.java:550)
	at com.zaxxer.hikari.pool.PoolBase.isConnectionAlive(PoolBase.java:165)
	at com.zaxxer.hikari.pool.HikariPool.getConnection(HikariPool.java:179)
	... 78 common frames omitted
Caused by: com.mysql.cj.exceptions.ConnectionIsClosedException: No operations allowed after connection closed.
	at sun.reflect.GeneratedConstructorAccessor68.newInstance(Unknown Source)
	at sun.reflect.DelegatingConstructorAccessorImpl.newInstance(DelegatingConstructorAccessorImpl.java:45)
	at java.lang.reflect.Constructor.newInstance(Constructor.java:423)
	at com.mysql.cj.exceptions.ExceptionFactory.createException(ExceptionFactory.java:61)
	at com.mysql.cj.exceptions.ExceptionFactory.createException(ExceptionFactory.java:105)
	at com.mysql.cj.exceptions.ExceptionFactory.createException(ExceptionFactory.java:151)
	at com.mysql.cj.NativeSession.checkClosed(NativeSession.java:1209)
	at com.mysql.cj.jdbc.ConnectionImpl.checkClosed(ConnectionImpl.java:567)
	at com.mysql.cj.jdbc.ConnectionImpl.setNetworkTimeout(ConnectionImpl.java:2484)
	... 81 common frames omitted
2021-08-01 16:09:13 [http-nio-8081-exec-6] ERROR c.m.u.security.jwt.AuthEntryPointJwt -
                Unauthorized error: Full authentication is required to access this resource
