2021-07-21 15:28:49 [main] INFO  c.s.c.CompanyDetailsForStockMarketApplication -
                Starting Company details Application...
2021-07-21 15:28:49 [restartedMain] INFO  c.s.c.CompanyDetailsForStockMarketApplication -
                Starting Company details Application...
2021-07-21 15:28:50 [restartedMain] INFO  c.s.c.CompanyDetailsForStockMarketApplication -
                Starting CompanyDetailsForStockMarketApplication using Java 1.8.0_291 on TechRider with PID 15604 (D:\WORK\Workspaces\myWorkspace\stock market\CompanyDetailsApplication\target\classes started by tsd01 in D:\WORK\Workspaces\myWorkspace\stock market\CompanyDetailsApplication)
2021-07-21 15:28:50 [restartedMain] INFO  c.s.c.CompanyDetailsForStockMarketApplication -
                No active profile set, falling back to default profiles: default
2021-07-21 15:28:50 [restartedMain] INFO  o.s.b.d.e.DevToolsPropertyDefaultsPostProcessor -
                Devtools property defaults active! Set 'spring.devtools.add-properties' to 'false' to disable
2021-07-21 15:28:50 [restartedMain] INFO  o.s.b.d.e.DevToolsPropertyDefaultsPostProcessor -
                For additional web related logging consider setting the 'logging.level.web' property to 'DEBUG'
2021-07-21 15:28:51 [restartedMain] INFO  o.s.d.r.c.RepositoryConfigurationDelegate -
                Bootstrapping Spring Data MongoDB repositories in DEFAULT mode.
2021-07-21 15:28:51 [restartedMain] INFO  o.s.d.r.c.RepositoryConfigurationDelegate -
                Finished Spring Data repository scanning in 5 ms. Found 0 MongoDB repository interfaces.
2021-07-21 15:28:52 [restartedMain] INFO  o.s.b.w.e.tomcat.TomcatWebServer -
                Tomcat initialized with port(s): 8083 (http)
2021-07-21 15:28:52 [restartedMain] INFO  o.a.coyote.http11.Http11NioProtocol -
                Initializing ProtocolHandler ["http-nio-8083"]
2021-07-21 15:28:52 [restartedMain] INFO  o.a.catalina.core.StandardService -
                Starting service [Tomcat]
2021-07-21 15:28:52 [restartedMain] INFO  o.a.catalina.core.StandardEngine -
                Starting Servlet engine: [Apache Tomcat/9.0.48]
2021-07-21 15:28:52 [restartedMain] INFO  o.a.c.c.C.[Tomcat].[localhost].[/] -
                Initializing Spring embedded WebApplicationContext
2021-07-21 15:28:52 [restartedMain] INFO  o.s.b.w.s.c.ServletWebServerApplicationContext -
                Root WebApplicationContext: initialization completed in 1798 ms
2021-07-21 15:28:53 [restartedMain] INFO  org.mongodb.driver.cluster -
                Cluster created with settings {hosts=[localhost:27017], mode=SINGLE, requiredClusterType=UNKNOWN, serverSelectionTimeout='30000 ms'}
2021-07-21 15:28:53 [cluster-ClusterId{value='60f7efdd1e981f0e121ad843', description='null'}-localhost:27017] INFO  org.mongodb.driver.connection -
                Opened connection [connectionId{localValue:2, serverValue:22}] to localhost:27017
2021-07-21 15:28:53 [cluster-rtt-ClusterId{value='60f7efdd1e981f0e121ad843', description='null'}-localhost:27017] INFO  org.mongodb.driver.connection -
                Opened connection [connectionId{localValue:1, serverValue:21}] to localhost:27017
2021-07-21 15:28:53 [cluster-ClusterId{value='60f7efdd1e981f0e121ad843', description='null'}-localhost:27017] INFO  org.mongodb.driver.cluster -
                Monitor thread successfully connected to server with description ServerDescription{address=localhost:27017, type=STANDALONE, state=CONNECTED, ok=true, minWireVersion=0, maxWireVersion=9, maxDocumentSize=16777216, logicalSessionTimeoutMinutes=30, roundTripTimeNanos=29505401}
2021-07-21 15:28:53 [restartedMain] WARN  o.s.data.convert.CustomConversions -
                Registering converter from class java.time.LocalDateTime to class org.joda.time.LocalDateTime as reading converter although it doesn't convert from a store-supported type! You might want to check your annotation setup at the converter implementation.
2021-07-21 15:28:53 [restartedMain] WARN  o.s.data.convert.CustomConversions -
                Registering converter from class java.time.LocalDateTime to class org.joda.time.LocalDateTime as reading converter although it doesn't convert from a store-supported type! You might want to check your annotation setup at the converter implementation.
2021-07-21 15:28:53 [restartedMain] INFO  o.s.b.a.e.web.EndpointLinksResolver -
                Exposing 2 endpoint(s) beneath base path '/actuator'
2021-07-21 15:28:54 [restartedMain] INFO  o.s.b.d.a.OptionalLiveReloadServer -
                LiveReload server is running on port 35729
2021-07-21 15:28:54 [restartedMain] INFO  o.a.coyote.http11.Http11NioProtocol -
                Starting ProtocolHandler ["http-nio-8083"]
2021-07-21 15:28:54 [restartedMain] INFO  o.s.b.w.e.tomcat.TomcatWebServer -
                Tomcat started on port(s): 8083 (http) with context path ''
2021-07-21 15:28:54 [restartedMain] INFO  c.s.c.CompanyDetailsForStockMarketApplication -
                Started CompanyDetailsForStockMarketApplication in 4.687 seconds (JVM running for 5.378)
2021-07-21 15:29:23 [http-nio-8083-exec-1] INFO  o.a.c.c.C.[Tomcat].[localhost].[/] -
                Initializing Spring DispatcherServlet 'dispatcherServlet'
2021-07-21 15:29:23 [http-nio-8083-exec-1] INFO  o.s.web.servlet.DispatcherServlet -
                Initializing Servlet 'dispatcherServlet'
2021-07-21 15:29:23 [http-nio-8083-exec-1] INFO  o.s.web.servlet.DispatcherServlet -
                Completed initialization in 2 ms
2021-07-21 15:29:23 [http-nio-8083-exec-1] INFO  c.s.c.controller.CompanyController -
                Getting Company details with Company Code: ptd01
2021-07-21 15:29:33 [http-nio-8083-exec-4] INFO  c.s.c.controller.CompanyController -
                Getting Company details with Company Code: ptd0
2021-07-21 15:29:33 [http-nio-8083-exec-4] INFO  c.s.c.controller.CompanyController -
                invalid company id
2021-07-21 15:30:44 [http-nio-8083-exec-7] INFO  c.s.c.controller.CompanyController -
                Getting Company details with Company Code: ptd033
2021-07-21 15:30:46 [http-nio-8083-exec-7] INFO  c.s.c.controller.CompanyController -
                invalid company id
