2021-07-21 15:31:51 [main] INFO  c.s.c.CompanyDetailsForStockMarketApplication -
                Starting Company details Application...
2021-07-21 15:31:51 [restartedMain] INFO  c.s.c.CompanyDetailsForStockMarketApplication -
                Starting Company details Application...
2021-07-21 15:31:52 [restartedMain] INFO  c.s.c.CompanyDetailsForStockMarketApplication -
                Starting CompanyDetailsForStockMarketApplication using Java 1.8.0_291 on TechRider with PID 8760 (D:\WORK\Workspaces\myWorkspace\stock market\CompanyDetailsApplication\target\classes started by tsd01 in D:\WORK\Workspaces\myWorkspace\stock market\CompanyDetailsApplication)
2021-07-21 15:31:52 [restartedMain] INFO  c.s.c.CompanyDetailsForStockMarketApplication -
                No active profile set, falling back to default profiles: default
2021-07-21 15:31:52 [restartedMain] INFO  o.s.b.d.e.DevToolsPropertyDefaultsPostProcessor -
                Devtools property defaults active! Set 'spring.devtools.add-properties' to 'false' to disable
2021-07-21 15:31:52 [restartedMain] INFO  o.s.b.d.e.DevToolsPropertyDefaultsPostProcessor -
                For additional web related logging consider setting the 'logging.level.web' property to 'DEBUG'
2021-07-21 15:31:53 [restartedMain] INFO  o.s.d.r.c.RepositoryConfigurationDelegate -
                Bootstrapping Spring Data MongoDB repositories in DEFAULT mode.
2021-07-21 15:31:53 [restartedMain] INFO  o.s.d.r.c.RepositoryConfigurationDelegate -
                Finished Spring Data repository scanning in 5 ms. Found 0 MongoDB repository interfaces.
2021-07-21 15:31:54 [restartedMain] INFO  o.s.b.w.e.tomcat.TomcatWebServer -
                Tomcat initialized with port(s): 8083 (http)
2021-07-21 15:31:54 [restartedMain] INFO  o.a.coyote.http11.Http11NioProtocol -
                Initializing ProtocolHandler ["http-nio-8083"]
2021-07-21 15:31:54 [restartedMain] INFO  o.a.catalina.core.StandardService -
                Starting service [Tomcat]
2021-07-21 15:31:54 [restartedMain] INFO  o.a.catalina.core.StandardEngine -
                Starting Servlet engine: [Apache Tomcat/9.0.48]
2021-07-21 15:31:54 [restartedMain] INFO  o.a.c.c.C.[Tomcat].[localhost].[/] -
                Initializing Spring embedded WebApplicationContext
2021-07-21 15:31:54 [restartedMain] INFO  o.s.b.w.s.c.ServletWebServerApplicationContext -
                Root WebApplicationContext: initialization completed in 1814 ms
2021-07-21 15:31:55 [restartedMain] INFO  org.mongodb.driver.cluster -
                Cluster created with settings {hosts=[localhost:27017], mode=SINGLE, requiredClusterType=UNKNOWN, serverSelectionTimeout='30000 ms'}
2021-07-21 15:31:55 [cluster-rtt-ClusterId{value='60f7f0937c1f2c6d5c36cc4f', description='null'}-localhost:27017] INFO  org.mongodb.driver.connection -
                Opened connection [connectionId{localValue:1, serverValue:23}] to localhost:27017
2021-07-21 15:31:55 [cluster-ClusterId{value='60f7f0937c1f2c6d5c36cc4f', description='null'}-localhost:27017] INFO  org.mongodb.driver.connection -
                Opened connection [connectionId{localValue:2, serverValue:24}] to localhost:27017
2021-07-21 15:31:55 [cluster-ClusterId{value='60f7f0937c1f2c6d5c36cc4f', description='null'}-localhost:27017] INFO  org.mongodb.driver.cluster -
                Monitor thread successfully connected to server with description ServerDescription{address=localhost:27017, type=STANDALONE, state=CONNECTED, ok=true, minWireVersion=0, maxWireVersion=9, maxDocumentSize=16777216, logicalSessionTimeoutMinutes=30, roundTripTimeNanos=25723800}
2021-07-21 15:31:55 [restartedMain] WARN  o.s.data.convert.CustomConversions -
                Registering converter from class java.time.LocalDateTime to class org.joda.time.LocalDateTime as reading converter although it doesn't convert from a store-supported type! You might want to check your annotation setup at the converter implementation.
2021-07-21 15:31:55 [restartedMain] WARN  o.s.data.convert.CustomConversions -
                Registering converter from class java.time.LocalDateTime to class org.joda.time.LocalDateTime as reading converter although it doesn't convert from a store-supported type! You might want to check your annotation setup at the converter implementation.
2021-07-21 15:31:55 [restartedMain] INFO  o.s.b.a.e.web.EndpointLinksResolver -
                Exposing 2 endpoint(s) beneath base path '/actuator'
2021-07-21 15:31:55 [restartedMain] INFO  o.s.b.d.a.OptionalLiveReloadServer -
                LiveReload server is running on port 35729
2021-07-21 15:31:56 [restartedMain] INFO  o.a.coyote.http11.Http11NioProtocol -
                Starting ProtocolHandler ["http-nio-8083"]
2021-07-21 15:31:56 [restartedMain] INFO  o.s.b.w.e.tomcat.TomcatWebServer -
                Tomcat started on port(s): 8083 (http) with context path ''
2021-07-21 15:31:56 [restartedMain] INFO  c.s.c.CompanyDetailsForStockMarketApplication -
                Started CompanyDetailsForStockMarketApplication in 4.599 seconds (JVM running for 5.269)
2021-07-24 11:37:31 [main] INFO  c.s.c.CompanyDetailsForStockMarketApplication -
                Starting Company details Application...
2021-07-24 11:37:31 [restartedMain] INFO  c.s.c.CompanyDetailsForStockMarketApplication -
                Starting Company details Application...
2021-07-24 11:37:32 [restartedMain] INFO  c.s.c.CompanyDetailsForStockMarketApplication -
                Starting CompanyDetailsForStockMarketApplication using Java 1.8.0_291 on TechRider with PID 17352 (D:\WORK\Workspaces\myWorkspace\stock market\CompanyDetailsApplication\target\classes started by tsd01 in D:\WORK\Workspaces\myWorkspace\stock market\CompanyDetailsApplication)
2021-07-24 11:37:32 [restartedMain] INFO  c.s.c.CompanyDetailsForStockMarketApplication -
                No active profile set, falling back to default profiles: default
2021-07-24 11:37:32 [restartedMain] INFO  o.s.b.d.e.DevToolsPropertyDefaultsPostProcessor -
                Devtools property defaults active! Set 'spring.devtools.add-properties' to 'false' to disable
2021-07-24 11:37:32 [restartedMain] INFO  o.s.b.d.e.DevToolsPropertyDefaultsPostProcessor -
                For additional web related logging consider setting the 'logging.level.web' property to 'DEBUG'
2021-07-24 11:37:34 [restartedMain] INFO  o.s.d.r.c.RepositoryConfigurationDelegate -
                Bootstrapping Spring Data MongoDB repositories in DEFAULT mode.
2021-07-24 11:37:34 [restartedMain] INFO  o.s.d.r.c.RepositoryConfigurationDelegate -
                Finished Spring Data repository scanning in 9 ms. Found 0 MongoDB repository interfaces.
2021-07-24 11:37:35 [restartedMain] INFO  o.s.b.w.e.tomcat.TomcatWebServer -
                Tomcat initialized with port(s): 8089 (http)
2021-07-24 11:37:35 [restartedMain] INFO  o.a.coyote.http11.Http11NioProtocol -
                Initializing ProtocolHandler ["http-nio-8089"]
2021-07-24 11:37:35 [restartedMain] INFO  o.a.catalina.core.StandardService -
                Starting service [Tomcat]
2021-07-24 11:37:35 [restartedMain] INFO  o.a.catalina.core.StandardEngine -
                Starting Servlet engine: [Apache Tomcat/9.0.48]
2021-07-24 11:37:35 [restartedMain] INFO  o.a.c.c.C.[Tomcat].[localhost].[/] -
                Initializing Spring embedded WebApplicationContext
2021-07-24 11:37:35 [restartedMain] INFO  o.s.b.w.s.c.ServletWebServerApplicationContext -
                Root WebApplicationContext: initialization completed in 3229 ms
2021-07-24 11:37:38 [restartedMain] INFO  org.mongodb.driver.cluster -
                Cluster created with settings {hosts=[localhost:27017], mode=SINGLE, requiredClusterType=UNKNOWN, serverSelectionTimeout='30000 ms'}
2021-07-24 11:37:38 [cluster-rtt-ClusterId{value='60fbae2a301a8f178cfb412e', description='null'}-localhost:27017] INFO  org.mongodb.driver.connection -
                Opened connection [connectionId{localValue:2, serverValue:1}] to localhost:27017
2021-07-24 11:37:38 [cluster-ClusterId{value='60fbae2a301a8f178cfb412e', description='null'}-localhost:27017] INFO  org.mongodb.driver.connection -
                Opened connection [connectionId{localValue:1, serverValue:2}] to localhost:27017
2021-07-24 11:37:38 [cluster-ClusterId{value='60fbae2a301a8f178cfb412e', description='null'}-localhost:27017] INFO  org.mongodb.driver.cluster -
                Monitor thread successfully connected to server with description ServerDescription{address=localhost:27017, type=STANDALONE, state=CONNECTED, ok=true, minWireVersion=0, maxWireVersion=9, maxDocumentSize=16777216, logicalSessionTimeoutMinutes=30, roundTripTimeNanos=41714300}
2021-07-24 11:37:38 [restartedMain] WARN  o.s.data.convert.CustomConversions -
                Registering converter from class java.time.LocalDateTime to class org.joda.time.LocalDateTime as reading converter although it doesn't convert from a store-supported type! You might want to check your annotation setup at the converter implementation.
2021-07-24 11:37:38 [restartedMain] WARN  o.s.data.convert.CustomConversions -
                Registering converter from class java.time.LocalDateTime to class org.joda.time.LocalDateTime as reading converter although it doesn't convert from a store-supported type! You might want to check your annotation setup at the converter implementation.
2021-07-24 11:37:38 [restartedMain] INFO  o.s.b.a.e.web.EndpointLinksResolver -
                Exposing 2 endpoint(s) beneath base path '/actuator'
2021-07-24 11:37:39 [restartedMain] INFO  o.s.b.d.a.OptionalLiveReloadServer -
                LiveReload server is running on port 35729
2021-07-24 11:37:39 [restartedMain] INFO  o.a.coyote.http11.Http11NioProtocol -
                Starting ProtocolHandler ["http-nio-8089"]
2021-07-24 11:37:39 [restartedMain] INFO  o.s.b.w.e.tomcat.TomcatWebServer -
                Tomcat started on port(s): 8089 (http) with context path ''
2021-07-24 11:37:39 [restartedMain] INFO  c.s.c.CompanyDetailsForStockMarketApplication -
                Started CompanyDetailsForStockMarketApplication in 7.761 seconds (JVM running for 9.438)
2021-07-24 11:37:49 [main] INFO  c.s.c.CompanyDetailsForStockMarketApplication -
                Starting Company details Application...
2021-07-24 11:37:49 [restartedMain] INFO  c.s.c.CompanyDetailsForStockMarketApplication -
                Starting Company details Application...
2021-07-24 11:37:50 [restartedMain] INFO  c.s.c.CompanyDetailsForStockMarketApplication -
                Starting CompanyDetailsForStockMarketApplication using Java 1.8.0_291 on TechRider with PID 17104 (D:\WORK\Workspaces\myWorkspace\stock market\CompanyDetailsApplication\target\classes started by tsd01 in D:\WORK\Workspaces\myWorkspace\stock market\CompanyDetailsApplication)
2021-07-24 11:37:50 [restartedMain] INFO  c.s.c.CompanyDetailsForStockMarketApplication -
                No active profile set, falling back to default profiles: default
2021-07-24 11:37:50 [restartedMain] INFO  o.s.b.d.e.DevToolsPropertyDefaultsPostProcessor -
                Devtools property defaults active! Set 'spring.devtools.add-properties' to 'false' to disable
2021-07-24 11:37:50 [restartedMain] INFO  o.s.b.d.e.DevToolsPropertyDefaultsPostProcessor -
                For additional web related logging consider setting the 'logging.level.web' property to 'DEBUG'
2021-07-24 11:37:52 [restartedMain] INFO  o.s.d.r.c.RepositoryConfigurationDelegate -
                Bootstrapping Spring Data MongoDB repositories in DEFAULT mode.
2021-07-24 11:37:52 [restartedMain] INFO  o.s.d.r.c.RepositoryConfigurationDelegate -
                Finished Spring Data repository scanning in 10 ms. Found 0 MongoDB repository interfaces.
2021-07-24 11:37:53 [restartedMain] INFO  o.s.b.w.e.tomcat.TomcatWebServer -
                Tomcat initialized with port(s): 8083 (http)
2021-07-24 11:37:53 [restartedMain] INFO  o.a.coyote.http11.Http11NioProtocol -
                Initializing ProtocolHandler ["http-nio-8083"]
2021-07-24 11:37:53 [restartedMain] INFO  o.a.catalina.core.StandardService -
                Starting service [Tomcat]
2021-07-24 11:37:53 [restartedMain] INFO  o.a.catalina.core.StandardEngine -
                Starting Servlet engine: [Apache Tomcat/9.0.48]
2021-07-24 11:37:53 [restartedMain] INFO  o.a.c.c.C.[Tomcat].[localhost].[/] -
                Initializing Spring embedded WebApplicationContext
2021-07-24 11:37:53 [restartedMain] INFO  o.s.b.w.s.c.ServletWebServerApplicationContext -
                Root WebApplicationContext: initialization completed in 2832 ms
2021-07-24 11:37:55 [restartedMain] INFO  org.mongodb.driver.cluster -
                Cluster created with settings {hosts=[localhost:27017], mode=SINGLE, requiredClusterType=UNKNOWN, serverSelectionTimeout='30000 ms'}
2021-07-24 11:37:55 [cluster-ClusterId{value='60fbae3b861f5d52088462de', description='null'}-localhost:27017] INFO  org.mongodb.driver.connection -
                Opened connection [connectionId{localValue:2, serverValue:4}] to localhost:27017
2021-07-24 11:37:55 [cluster-rtt-ClusterId{value='60fbae3b861f5d52088462de', description='null'}-localhost:27017] INFO  org.mongodb.driver.connection -
                Opened connection [connectionId{localValue:1, serverValue:3}] to localhost:27017
2021-07-24 11:37:55 [cluster-ClusterId{value='60fbae3b861f5d52088462de', description='null'}-localhost:27017] INFO  org.mongodb.driver.cluster -
                Monitor thread successfully connected to server with description ServerDescription{address=localhost:27017, type=STANDALONE, state=CONNECTED, ok=true, minWireVersion=0, maxWireVersion=9, maxDocumentSize=16777216, logicalSessionTimeoutMinutes=30, roundTripTimeNanos=38803100}
2021-07-24 11:37:55 [restartedMain] WARN  o.s.data.convert.CustomConversions -
                Registering converter from class java.time.LocalDateTime to class org.joda.time.LocalDateTime as reading converter although it doesn't convert from a store-supported type! You might want to check your annotation setup at the converter implementation.
2021-07-24 11:37:55 [restartedMain] WARN  o.s.data.convert.CustomConversions -
                Registering converter from class java.time.LocalDateTime to class org.joda.time.LocalDateTime as reading converter although it doesn't convert from a store-supported type! You might want to check your annotation setup at the converter implementation.
2021-07-24 11:37:55 [restartedMain] INFO  o.s.b.a.e.web.EndpointLinksResolver -
                Exposing 2 endpoint(s) beneath base path '/actuator'
2021-07-24 11:37:55 [restartedMain] INFO  o.s.b.d.a.OptionalLiveReloadServer -
                LiveReload server is running on port 35729
2021-07-24 11:37:56 [restartedMain] INFO  o.a.coyote.http11.Http11NioProtocol -
                Starting ProtocolHandler ["http-nio-8083"]
2021-07-24 11:37:56 [restartedMain] INFO  o.s.b.w.e.tomcat.TomcatWebServer -
                Tomcat started on port(s): 8083 (http) with context path ''
2021-07-24 11:37:56 [restartedMain] INFO  c.s.c.CompanyDetailsForStockMarketApplication -
                Started CompanyDetailsForStockMarketApplication in 7.058 seconds (JVM running for 8.34)
2021-07-24 11:38:17 [http-nio-8083-exec-1] INFO  o.a.c.c.C.[Tomcat].[localhost].[/] -
                Initializing Spring DispatcherServlet 'dispatcherServlet'
2021-07-24 11:38:17 [http-nio-8083-exec-1] INFO  o.s.web.servlet.DispatcherServlet -
                Initializing Servlet 'dispatcherServlet'
2021-07-24 11:38:17 [http-nio-8083-exec-1] INFO  o.s.web.servlet.DispatcherServlet -
                Completed initialization in 5 ms
2021-07-24 11:38:17 [http-nio-8083-exec-1] INFO  c.s.c.controller.CompanyController -
                Getting all companies
